16:37:03 - INFO: Bulletin: businessindustryandtrade/business/businessservices/articles/businessimpactofcoronaviruscovid19survey/preliminaryweightedresults, MainPoints: None
16:37:04 - INFO: Bulletin: businessindustryandtrade/business/businessservices/articles/coronavirusandtheexperiencesofukbusinessestextualanalysis/march2020tojuly2020, MainPoints: None
16:37:06 - INFO: Bulletin: businessindustryandtrade/business/businessservices/articles/businessimpactofcoronavirusanalysisovertimeuk/waves2to5panel, MainPoints: None
16:37:08 - INFO: Bulletin: businessindustryandtrade/business/activitysizeandlocation/articles/economiesofalesmallpubscloseaschainsfocusonbigbars/changesintheukpubsandbarssector2001to2019, MainPoints: None
16:37:09 - INFO: Bulletin: businessindustryandtrade/business/businessservices/articles/developmentoftheannualsurveyofgoodsandservices/2018-08-31, MainPoints: None
16:37:11 - INFO: Bulletin: businessindustryandtrade/business/businessservices/articles/developmentoftheannualpurchasessurvey/2017-12-15, MainPoints: None
16:37:12 - INFO: Bulletin: businessindustryandtrade/business/businessservices/articles/fewergbcompaniesexportingabroad/2015-11-12, MainPoints: None
16:37:27 - INFO: Bulletin: businessindustryandtrade/constructionindustry/articles/constructionoutputpriceindicesopis/quarter1januarytomarch2016, MainPoints: None
16:37:30 - INFO: Bulletin: businessindustryandtrade/itandinternetindustry/articles/arewetrainingenoughpeopletobecomeprogrammers/2017-06-19, MainPoints: None
16:37:30 - INFO: Bulletin: businessindustryandtrade/itandinternetindustry/articles/ecommerceandinternetuse/2015-10-08, MainPoints: None
16:37:31 - INFO: Bulletin: businessindustryandtrade/itandinternetindustry/articles/monitoringecommerce/2014-08-07, MainPoints: None
16:37:34 - INFO: Bulletin: businessindustryandtrade/internationaltrade/articles/developingforeigndirectinvestmentstatistics/2021, MainPoints: None
16:37:34 - INFO: Bulletin: businessindustryandtrade/internationaltrade/articles/didukfirmsstockpileitemsaheadofthebrexitdeadline/2021-02-01, MainPoints: None
16:37:38 - INFO: Bulletin: businessindustryandtrade/internationaltrade/articles/uktradedevelopmentplan/2020, MainPoints: None
16:37:45 - INFO: Bulletin: businessindustryandtrade/internationaltrade/articles/worldtradeexplorer/2019-07-24, MainPoints: None
16:37:47 - INFO: Bulletin: businessindustryandtrade/internationaltrade/articles/whodoestheuktradewith/2017-02-21, MainPoints: None
16:37:48 - INFO: Bulletin: businessindustryandtrade/internationaltrade/articles/whereareindustryeyesonbrexit/2017-07-17, MainPoints: None
16:37:48 - INFO: Bulletin: businessindustryandtrade/internationaltrade/articles/tradingplacesukgoodstradewitheupartners/2017-03-28, MainPoints: None
16:37:49 - INFO: Bulletin: businessindustryandtrade/internationaltrade/articles/commonwealthtradeinfocusasukpreparesforbrexit/2017-03-09, MainPoints: None
16:37:49 - INFO: Bulletin: businessindustryandtrade/internationaltrade/articles/ukperspectives2016tradewiththeeuandbeyond/2016-05-25, MainPoints: None
16:37:50 - INFO: Bulletin: businessindustryandtrade/internationaltrade/articles/howimportantischinatotheukeconomy/2015-09-02, MainPoints: None
16:37:53 - INFO: Bulletin: businessindustryandtrade/manufacturingandproductionindustry/articles/ukmanufacturerssalesafocusonthebeveragesindustry/2018-11-27, MainPoints: None
16:37:58 - INFO: Bulletin: businessindustryandtrade/retailindustry/articles/transformingshorttermturnoverstatisticsoctober2017/2017-10-19, MainPoints: None
16:37:58 - INFO: Bulletin: businessindustryandtrade/retailindustry/articles/shoppinginshopsthathavenoshops/2016-07-29, MainPoints: None
16:37:58 - INFO: Bulletin: businessindustryandtrade/retailindustry/articles/twodecadesofsundaytrading/2016-03-09, MainPoints: None
16:37:59 - INFO: Bulletin: businessindustryandtrade/retailindustry/articles/retailsales/2016-01-26, MainPoints: None
16:38:10 - INFO: Bulletin: economy/economicoutputandproductivity/output/articles/coronavirushowpeopleandbusinesseshaveadaptedtolockdowns/2021-03-19, MainPoints: None
16:38:13 - INFO: Bulletin: economy/economicoutputandproductivity/output/articles/ukeconomylatest/2021-01-25, MainPoints: None
16:38:13 - INFO: Bulletin: economy/economicoutputandproductivity/output/articles/theimpactofthecoronavirussofartheindustriesthatstruggledorrecovered/2020-12-09, MainPoints: None
16:38:17 - INFO: Bulletin: economy/economicoutputandproductivity/output/articles/coronavirusandthechangingneedforeconomicstatisticsandanalysis/2020-07-08, MainPoints: None
16:38:27 - INFO: Bulletin: economy/economicoutputandproductivity/productivitymeasures/articles/unitlabourcostsuk/apriltojune2019, MainPoints: None
16:38:28 - INFO: Bulletin: economy/economicoutputandproductivity/output/articles/changesintheeconomysincethe1970s/2019-09-02, MainPoints: None
16:38:29 - INFO: Bulletin: economy/economicoutputandproductivity/publicservicesproductivity/articles/aguidetoqualityadjustmentinpublicserviceproductivitymeasures/2019-08-07, MainPoints: None
16:38:31 - INFO: Bulletin: economy/economicoutputandproductivity/productivitymeasures/articles/experimentalcomparisonsofinfrastructureacrosseurope/may2019, MainPoints: None
16:38:32 - INFO: Bulletin: economy/economicoutputandproductivity/productivitymeasures/articles/introducingindustrybyregionlabourmetricsandproductivity/2017, MainPoints: None
16:38:33 - INFO: Bulletin: economy/economicoutputandproductivity/productivitymeasures/articles/improvingestimatesoflabourproductivityandinternationalcomparisons/2019-01-09, MainPoints: None
16:38:36 - INFO: Bulletin: economy/economicoutputandproductivity/productivitymeasures/articles/developingnewmeasuresofinfrastructureinvestment/august2018, MainPoints: None
16:38:36 - INFO: Bulletin: economy/economicoutputandproductivity/output/articles/reviewingdiscountratesinonsvaluations/2018-07-11, MainPoints: None
16:38:37 - INFO: Bulletin: economy/economicoutputandproductivity/productivitymeasures/articles/productivitydevelopmentplan/2018to2020, MainPoints: None
16:38:37 - INFO: Bulletin: economy/economicoutputandproductivity/publicservicesproductivity/articles/totalpublicserviceproductivityunderstandinginputs/2018-07-06, MainPoints: None
16:38:43 - INFO: Bulletin: economy/economicoutputandproductivity/productivitymeasures/articles/reviewofinternationalbestpracticeintheproductionofproductivitystatistics/2018-02-07, MainPoints: None
16:38:47 - INFO: Bulletin: economy/economicoutputandproductivity/productivitymeasures/articles/qualityadjustedlabourinput/ukestimatesto2016, MainPoints: None
16:38:47 - INFO: Bulletin: economy/economicoutputandproductivity/publicservicesproductivity/articles/qualityadjustmentofpublicservicecriminaljusticesystemoutputexperimentalmethod/2017-10-06, MainPoints: None
16:38:53 - INFO: Bulletin: economy/economicoutputandproductivity/productivitymeasures/articles/developingimprovedestimatesofqualityadjustedlabourinputsusingtheannualsurveyofhoursandearnings/aprogressreport, MainPoints: None
16:38:53 - INFO: Bulletin: economy/economicoutputandproductivity/productivitymeasures/articles/introducingdivisionlevellabourproductivityestimates/july2017, MainPoints: None
16:38:54 - INFO: Bulletin: economy/economicoutputandproductivity/productivitymeasures/articles/labourproductivitymeasuresfromtheannualbusinesssurvey/2006to2015, MainPoints: None
16:38:55 - INFO: Bulletin: economy/economicoutputandproductivity/productivitymeasures/articles/managementpracticesandproductivityaregionalperspective/2015, MainPoints: None
16:38:58 - INFO: Bulletin: economy/economicoutputandproductivity/output/articles/fivefactsabouttheukservicesector/2016-09-29, MainPoints: None
16:38:58 - INFO: Bulletin: economy/economicoutputandproductivity/output/articles/updatedthebritishsteelindustrysincethe1970s/2016-01-18, MainPoints: None
16:38:59 - INFO: Bulletin: economy/economicoutputandproductivity/output/articles/cityregionsarticle/2015-07-24, MainPoints: None
16:38:59 - INFO: Bulletin: economy/economicoutputandproductivity/productivitymeasures/articles/trendsintheukeconomy/2015-02-27, MainPoints: None
16:39:00 - INFO: Bulletin: economy/economicoutputandproductivity/output/articles/volumeindexofcapitalservices/2015-01-23, MainPoints: None
16:39:05 - INFO: Bulletin: economy/environmentalaccounts/articles/howhaslockdownchangedourrelationshipwithnature/2021-04-26, MainPoints: None
16:39:10 - INFO: Bulletin: economy/environmentalaccounts/articles/sustainabledevelopmentgoalstakingstockprogressandpossibilities/december2020, MainPoints: None
16:39:12 - INFO: Bulletin: economy/environmentalaccounts/articles/doesexposuretoairpollutionincreasetheriskofdyingfromthecoronaviruscovid19/2020-08-13, MainPoints: None
16:39:12 - INFO: Bulletin: economy/environmentalaccounts/articles/oneineightbritishhouseholdshasnogarden/2020-05-14, MainPoints: None
16:39:18 - INFO: Bulletin: economy/environmentalaccounts/articles/valuinggreenspacesinurbanareas/ahedonicpriceapproachusingmachinelearningtechniques, MainPoints: None
16:39:18 - INFO: Bulletin: economy/environmentalaccounts/articles/urbangreenspacesraisenearbyhousepricesbyanaverageof2500/2019-10-14, MainPoints: None
16:39:20 - INFO: Bulletin: economy/environmentalaccounts/articles/aburningissuebiomassisthebiggestsourceofrenewableenergyconsumedintheuk/2019-08-30, MainPoints: None
16:39:21 - INFO: Bulletin: economy/environmentalaccounts/articles/netzeroandthedifferentofficialmeasuresoftheuksgreenhousegasemissions/2019-07-24, MainPoints: None
16:39:24 - INFO: Bulletin: economy/environmentalaccounts/articles/whatisthedifferencebetweensexandgender/2019-02-21, MainPoints: None
16:39:25 - INFO: Bulletin: economy/environmentalaccounts/articles/howgreenisyourstreet/2018-11-19, MainPoints: None
16:39:26 - INFO: Bulletin: economy/environmentalaccounts/articles/usinginnovativemethodstoreportagainstthesustainabledevelopmentgoals/2018-10-22, MainPoints: None
16:39:26 - INFO: Bulletin: economy/environmentalaccounts/articles/fivefactsaboutenvironmentaltaxes/2018-10-09, MainPoints: None
16:39:27 - INFO: Bulletin: economy/environmentalaccounts/articles/ukairpollutionremovalhowmuchpollutiondoesvegetationremoveinyourarea/2018-07-30, MainPoints: None
16:39:28 - INFO: Bulletin: economy/environmentalaccounts/articles/theukenvironmentfightingpollutionimprovingourhealthandsavingusmoney/2017-10-02, MainPoints: None
16:39:29 - INFO: Bulletin: economy/environmentalaccounts/articles/arewereadytoswitchtoelectriccars/2017-08-16, MainPoints: None
16:39:29 - INFO: Bulletin: economy/environmentalaccounts/articles/uknaturalcapitaldevelopingukmountainmoorlandandheathlandecosystemaccounts/2017-07-21, MainPoints: None
16:39:30 - INFO: Bulletin: economy/environmentalaccounts/articles/fivefactsaboutcars/2016-09-22, MainPoints: None
16:39:30 - INFO: Bulletin: economy/environmentalaccounts/articles/ukenergyhowmuchwhattypeandwherefrom/2016-08-15, MainPoints: None
16:39:31 - INFO: Bulletin: economy/environmentalaccounts/articles/ukperspectives2016energyandemissionsintheuk/2016-05-26, MainPoints: None
16:39:36 - INFO: Bulletin: economy/environmentalaccounts/articles/uknaturalcapitalfreshwaterecosystemassetsandservicesaccounts/2015-03-20, MainPoints: None
16:39:37 - INFO: Bulletin: economy/environmentalaccounts/articles/uknaturalcapitallandcoverintheuk/2015-03-17, MainPoints: None
16:39:37 - INFO: Bulletin: economy/environmentalaccounts/articles/energyandemissionsintheuk/2015-02-19, MainPoints: None
16:39:39 - INFO: Bulletin: economy/governmentpublicsectorandtaxes/publicsectorfinance/articles/developmentofpublicsectorfinancestatistics/april2021, MainPoints: None
16:39:43 - INFO: Bulletin: economy/governmentpublicsectorandtaxes/publicsectorfinance/articles/whatisthecoronaviruscovid19doingtothepublicpurse/2021-02-02, MainPoints: None
16:39:44 - INFO: Bulletin: economy/governmentpublicsectorandtaxes/publicsectorfinance/articles/challengesofmeasuringtheeffectsofthecoronaviruspandemicontaxreceipts/august2020, MainPoints: None
16:39:46 - INFO: Bulletin: economy/governmentpublicsectorandtaxes/publicsectorfinance/articles/alignmentbetweenpublicsectorfinancesandnationalaccounts/september2019, MainPoints: None
16:39:46 - INFO: Bulletin: economy/governmentpublicsectorandtaxes/publicsectorfinance/articles/theukcontributiontotheeubudget/2017-10-31, MainPoints: None
16:39:47 - INFO: Bulletin: economy/governmentpublicsectorandtaxes/publicspending/articles/workingflexiblyinthepublicsector/2019-09-20, MainPoints: None
16:39:47 - INFO: Bulletin: economy/governmentpublicsectorandtaxes/researchanddevelopmentexpenditure/articles/researchanddevelopmentintheukflowoffundsexplained/2019-08-08, MainPoints: None
16:39:48 - INFO: Bulletin: economy/governmentpublicsectorandtaxes/publicspending/articles/isstaffretentionanissueinthepublicsector/2019-06-17, MainPoints: None
16:39:49 - INFO: Bulletin: economy/governmentpublicsectorandtaxes/publicspending/articles/whoworksinthepublicsector/2019-06-04, MainPoints: None
16:39:49 - INFO: Bulletin: economy/governmentpublicsectorandtaxes/publicsectorfinance/articles/lookingaheaddevelopmentsinpublicsectorfinancestatistics/2019, MainPoints: None
16:39:50 - INFO: Bulletin: economy/governmentpublicsectorandtaxes/publicsectorfinance/articles/taxesandfeesforsalesofservicehowtheydifferandwhyitisimportant/2019-05-31, MainPoints: None
16:39:51 - INFO: Bulletin: economy/governmentpublicsectorandtaxes/publicspending/articles/activitiesspendingandproductivityinthefireandrescueservicessince2009/2019-05-30, MainPoints: None
16:39:51 - INFO: Bulletin: economy/governmentpublicsectorandtaxes/publicsectorfinance/articles/widermeasuresofpublicsectornetdebt/december2018, MainPoints: None
16:39:52 - INFO: Bulletin: economy/governmentpublicsectorandtaxes/publicsectorfinance/articles/newtreatmentofstudentloansinthepublicsectorfinancesandnationalaccounts/2018-12-17, MainPoints: None
16:39:53 - INFO: Bulletin: economy/governmentpublicsectorandtaxes/publicsectorfinance/articles/employmentrelatedpensionsinpublicsectorfinances/2017-09-21, MainPoints: None
16:39:54 - INFO: Bulletin: economy/governmentpublicsectorandtaxes/publicsectorfinance/articles/subregionalpublicsectorfinances/scopingstudy, MainPoints: None
16:39:55 - INFO: Bulletin: economy/governmentpublicsectorandtaxes/publicsectorfinance/articles/improvementstoaccrualsmethodologyforcorporationtaxbankcorporationtaxsurchargeandthebanklevy/2017, MainPoints: None
16:39:55 - INFO: Bulletin: economy/governmentpublicsectorandtaxes/publicsectorfinance/articles/autumnstatementsupplementaryfiscalaggregates/2016, MainPoints: None
16:39:56 - INFO: Bulletin: economy/governmentpublicsectorandtaxes/publicsectorfinance/articles/ukperspectives2016spendingonpublicservicesintheuk/2016-05-25, MainPoints: None
16:39:56 - INFO: Bulletin: economy/governmentpublicsectorandtaxes/publicsectorfinance/articles/thedebtanddeficitoftheukpublicsectorexplained/2016-03-16, MainPoints: None
16:39:56 - INFO: Bulletin: economy/governmentpublicsectorandtaxes/publicsectorfinance/articles/howisthewelfarebudgetspent/2016-03-16, MainPoints: None
16:39:57 - INFO: Bulletin: economy/governmentpublicsectorandtaxes/publicspending/articles/howdoestheukcontributetotheeubudget/2015-06-26, MainPoints: None
16:39:58 - INFO: Bulletin: economy/governmentpublicsectorandtaxes/publicspending/articles/spendingonpublicservicesintheuk/2015-02-10, MainPoints: None
16:39:59 - INFO: Bulletin: economy/governmentpublicsectorandtaxes/publicsectorfinance/bulletins/eugovernmentdeficitanddebtreturn/2014-10-17, MainPoints: None
16:40:06 - INFO: Bulletin: economy/grossdomesticproductgdp/articles/coronavirusandtheimpactonmeasuresofukgovernmenteducationoutput/march2020tofebruary2021, MainPoints: None
16:40:08 - INFO: Bulletin: economy/grossdomesticproductgdp/compendium/unitedkingdomnationalaccountsthebluebook/2020, MainPoints: None
16:40:09 - INFO: Bulletin: economy/grossdomesticproductgdp/articles/communicatinggrossdomesticproduct/2020-04-16, MainPoints: None
16:40:10 - INFO: Bulletin: economy/grossdomesticproductgdp/bulletins/gdpwales/apriltojune2019, MainPoints: None
16:40:10 - INFO: Bulletin: economy/grossdomesticproductgdp/bulletins/gdpsouthwest/apriltojune2019, MainPoints: None
16:40:11 - INFO: Bulletin: economy/grossdomesticproductgdp/bulletins/gdpeastmidlands/apriltojune2019, MainPoints: None
16:40:11 - INFO: Bulletin: economy/grossdomesticproductgdp/bulletins/gdpwestmidlands/apriltojune2019, MainPoints: None
16:40:12 - INFO: Bulletin: economy/grossdomesticproductgdp/bulletins/gdpeastofengland/apriltojune2019, MainPoints: None
16:40:12 - INFO: Bulletin: economy/grossdomesticproductgdp/bulletins/gdpsoutheast/apriltojune2019, MainPoints: None
16:40:13 - INFO: Bulletin: economy/grossdomesticproductgdp/bulletins/gdpnortheast/apriltojune2019, MainPoints: None
16:40:14 - INFO: Bulletin: economy/grossdomesticproductgdp/bulletins/gdpnorthwest/apriltojune2019, MainPoints: None
16:40:14 - INFO: Bulletin: economy/grossdomesticproductgdp/bulletins/gdpyorkshireandthehumber/apriltojune2019, MainPoints: None
16:40:15 - INFO: Bulletin: economy/grossdomesticproductgdp/bulletins/gdplondon/apriltojune2019, MainPoints: None
16:40:15 - INFO: Bulletin: economy/grossdomesticproductgdp/articles/conceptualandmethodologicaldifferencesbetweenprivatehousingconstructionoutputandgrossfixedcapitalformationprivatesectordwellings/2019-05-31, MainPoints: None
16:40:16 - INFO: Bulletin: economy/grossdomesticproductgdp/articles/businessinvestmentintheuk/analysisbyasset, MainPoints: None
16:40:16 - INFO: Bulletin: economy/grossdomesticproductgdp/articles/whatschangedsincethebrexitvote/2017-06-23, MainPoints: None
16:40:17 - INFO: Bulletin: economy/grossdomesticproductgdp/articles/productsforthenewgdppublicationmodel/2018-07-04, MainPoints: None
16:40:19 - INFO: Bulletin: economy/grossdomesticproductgdp/articles/the2008recession10yearson/2018-04-30, MainPoints: None
16:40:21 - INFO: Bulletin: economy/grossdomesticproductgdp/articles/introducinganewpublicationmodelforgdp/2018-04-27, MainPoints: None
16:40:21 - INFO: Bulletin: economy/grossdomesticproductgdp/articles/vatturnoverinitialresearchanalysisuk/december, MainPoints: None
16:40:22 - INFO: Bulletin: economy/grossdomesticproductgdp/articles/paddingtonstarwarsandtheriseoftheukfilmindustry/2017-12-14, MainPoints: None
16:40:22 - INFO: Bulletin: economy/grossdomesticproductgdp/articles/ukinterestraterisewhatschangedinthelastdecade/2017-11-02, MainPoints: None
16:40:24 - INFO: Bulletin: economy/grossdomesticproductgdp/articles/ashortguidetogrossfixedcapitalformationandbusinessinvestment/2017-05-25, MainPoints: None
16:40:25 - INFO: Bulletin: economy/grossdomesticproductgdp/articles/financialintermediationservicesindirectlymeasuredfisimintheukrevisited/2017-04-24, MainPoints: None
16:40:26 - INFO: Bulletin: economy/grossdomesticproductgdp/articles/gdpandme/2017-03-20, MainPoints: None
16:40:26 - INFO: Bulletin: economy/grossdomesticproductgdp/articles/fivefactsaboutgdp/2017-02-17, MainPoints: None
16:40:27 - INFO: Bulletin: economy/grossdomesticproductgdp/articles/annualimprovementstogrossfixedcapitalformationsourcedataforbluebook2017/2017-02-16, MainPoints: None
16:40:28 - INFO: Bulletin: economy/grossdomesticproductgdp/articles/gdpandspecialeventsinhistory/2016-11-25, MainPoints: None
16:40:28 - INFO: Bulletin: economy/grossdomesticproductgdp/articles/thechallengesofmeasuringgdpinthedigitalborderlessworld/2016-11-22, MainPoints: None
16:40:29 - INFO: Bulletin: economy/grossdomesticproductgdp/articles/whatisgdp/2016-11-21, MainPoints: None
16:40:29 - INFO: Bulletin: economy/grossdomesticproductgdp/articles/nationalaccounts/proposedmethodologicalchangestochainlinkingforukpublicationsandinternationaltransmissions, MainPoints: None
16:40:30 - INFO: Bulletin: economy/grossdomesticproductgdp/articles/nomoneynomedals/2016-08-22, MainPoints: None
16:40:30 - INFO: Bulletin: economy/grossdomesticproductgdp/articles/ukperspectives2016theukcontributiontotheeubudget/2016-05-25, MainPoints: None
16:40:31 - INFO: Bulletin: economy/grossdomesticproductgdp/articles/ukperspectives2016trendsintheukeconomy/2016-05-25, MainPoints: None
16:40:32 - INFO: Bulletin: economy/grossdomesticproductgdp/articles/internationalcomparisonofgdprevisions/2016-04-28, MainPoints: None
16:40:33 - INFO: Bulletin: economy/grossvalueaddedgva/articles/measurementofthefinanceandinsuranceindustriesinestimatesofregionalgrossvalueadded/2018-04-09, MainPoints: None
16:40:39 - INFO: Bulletin: economy/grossvalueaddedgva/articles/regionalgrossvalueaddedincomeapproach/londonleadsukcitiesineconomicrecovery, MainPoints: None
16:40:39 - INFO: Bulletin: economy/grossvalueaddedgva/articles/londonleadsukcitiesineconomicrecovery/2015-12-09, MainPoints: None
16:40:45 - INFO: Bulletin: economy/inflationandpriceindices/articles/researchanddevelopmentsinthetransformationofukconsumerpricestatistics/april2021, MainPoints: None
16:40:46 - INFO: Bulletin: economy/inflationandpriceindices/articles/researchintotheuseofscannerdataforconstructingukconsumerpricestatistics/2021-04-06, MainPoints: None
16:40:46 - INFO: Bulletin: economy/inflationandpriceindices/articles/classificationofnewdatainukconsumerpricestatistics/2021-04-06, MainPoints: None
16:40:48 - INFO: Bulletin: economy/inflationandpriceindices/articles/consumerpricesdevelopmentplan/updatedmarch2021, MainPoints: None
16:40:49 - INFO: Bulletin: economy/inflationandpriceindices/articles/consumerpriceinflationupdatingweights/2021, MainPoints: None
16:40:49 - INFO: Bulletin: economy/inflationandpriceindices/articles/ukconsumerpriceinflationbasketofgoodsandservices/2021, MainPoints: None
16:40:49 - INFO: Bulletin: economy/inflationandpriceindices/articles/coronaviruscovid19andconsumerpriceinflationweightsandprices/2021, MainPoints: None
16:40:51 - INFO: Bulletin: economy/inflationandpriceindices/articles/actualindividualconsumptionperheadintheuk/2019, MainPoints: None
16:40:52 - INFO: Bulletin: economy/inflationandpriceindices/articles/developingthehouseholdcostsindiceshcis/october2020, MainPoints: None
16:40:58 - INFO: Bulletin: economy/inflationandpriceindices/articles/consumerpriceinflationdetailedbriefingnote/july2020, MainPoints: None
16:41:00 - INFO: Bulletin: economy/inflationandpriceindices/articles/servicesproducerpriceindexmethodschanges/2020-07-20, MainPoints: None
16:41:00 - INFO: Bulletin: economy/inflationandpriceindices/articles/chainlinkinginbusinessprices/2020-07-20, MainPoints: None
16:41:01 - INFO: Bulletin: economy/inflationandpriceindices/articles/producerpriceindicesmethodschanges/2020-07-20, MainPoints: None
16:41:02 - INFO: Bulletin: economy/inflationandpriceindices/articles/producerpriceweightchanges/2020-07-20, MainPoints: None
16:41:02 - INFO: Bulletin: economy/inflationandpriceindices/articles/servicesproducerpriceweightchanges/2020-07-20, MainPoints: None
16:41:05 - INFO: Bulletin: economy/inflationandpriceindices/articles/introducingalternativedatasourcesintoconsumerpricestatistics/may2020, MainPoints: None
16:41:05 - INFO: Bulletin: economy/inflationandpriceindices/articles/coronavirusandtheeffectsonukprices/2020-05-06, MainPoints: None
16:41:07 - INFO: Bulletin: economy/inflationandpriceindices/articles/measuringchangingpricesandcostsforconsumersandhouseholdsproposedupdates/march2020, MainPoints: None
16:41:07 - INFO: Bulletin: economy/inflationandpriceindices/articles/cpihconsistentinflationrateestimatesforukhouseholdgroups20052017/octobertodecember2019, MainPoints: None
16:41:08 - INFO: Bulletin: economy/inflationandpriceindices/articles/impactofintroducinganewdatasourceforshoptypeweightsonconsumerpriceindices/2020-02-12, MainPoints: None
16:41:08 - INFO: Bulletin: economy/inflationandpriceindices/articles/usingalternativedatasourcesinconsumerpriceindices/may2019, MainPoints: None
16:41:09 - INFO: Bulletin: economy/inflationandpriceindices/articles/theimpactofshrinkflationoncpihuk/howmanyofourproductsaregettingsmaller, MainPoints: None
16:41:10 - INFO: Bulletin: economy/inflationandpriceindices/bulletins/consumptionperhead/2018, MainPoints: None
16:41:12 - INFO: Bulletin: economy/inflationandpriceindices/articles/exploringrecenttrendsinthelondonhousingmarket/2018-09-19, MainPoints: None
16:41:15 - INFO: Bulletin: economy/inflationandpriceindices/articles/measuringchangingpricesandcostsforconsumersandhouseholds/march2018, MainPoints: None
16:41:15 - INFO: Bulletin: economy/inflationandpriceindices/articles/shortcomingsoftheretailpricesindexasameasureofinflation/2018-03-08, MainPoints: None
16:41:17 - INFO: Bulletin: economy/inflationandpriceindices/articles/stockweightedhousepriceindexenglandandwales/preliminaryestimates1995to2015, MainPoints: None
16:41:17 - INFO: Bulletin: economy/inflationandpriceindices/articles/uktobaccoandalcoholpricesamonghighestineu/2018-02-01, MainPoints: None
16:41:18 - INFO: Bulletin: economy/inflationandpriceindices/articles/ukservicesproducerpriceindexsppistandarderrors/2016to2017, MainPoints: None
16:41:19 - INFO: Bulletin: economy/inflationandpriceindices/articles/impactofinclusionofadditionalpricequotesonconsumerpricesindices/2017-11-13, MainPoints: None
16:41:19 - INFO: Bulletin: economy/inflationandpriceindices/articles/consumerpriceindicesabriefguide/2017, MainPoints: None
16:41:20 - INFO: Bulletin: economy/inflationandpriceindices/articles/housepricepersquaremetreandhousepriceperroomenglandandwales/2004to2016, MainPoints: None
16:41:21 - INFO: Bulletin: economy/inflationandpriceindices/articles/themeasurementofrealincomeintheuk/optionsforacoherentapproach, MainPoints: None
16:41:23 - INFO: Bulletin: economy/inflationandpriceindices/articles/researchindicesusingwebscrapedpricedata/august2017update, MainPoints: None
16:41:23 - INFO: Bulletin: economy/inflationandpriceindices/articles/shrinkflationandthechangingcostofchocolate/2017-07-24, MainPoints: None
16:41:23 - INFO: Bulletin: economy/inflationandpriceindices/articles/thechangingpriceofeverydaygoodsandservices/2017-07-11, MainPoints: None
16:41:24 - INFO: Bulletin: economy/inflationandpriceindices/articles/howinflationchangeshowmuchyourwagesareworth/2017-06-26, MainPoints: None
16:41:24 - INFO: Bulletin: economy/inflationandpriceindices/articles/areyourwageskeepingupwithinflation/2017-06-20, MainPoints: None
16:41:25 - INFO: Bulletin: economy/inflationandpriceindices/articles/revisionspolicyforconsumerpriceinflationstatistics/2017-03-21, MainPoints: None
16:41:25 - INFO: Bulletin: economy/inflationandpriceindices/articles/producerpriceindexstandarderrors/2016, MainPoints: None
16:41:26 - INFO: Bulletin: economy/inflationandpriceindices/articles/hipstersginandthebasketofgoods/2017-03-14, MainPoints: None
16:41:26 - INFO: Bulletin: economy/inflationandpriceindices/articles/guidetochangestoconsumerpriceinflationstatistics/march2017, MainPoints: None
16:41:27 - INFO: Bulletin: economy/inflationandpriceindices/articles/consumerpriceindexincludingowneroccupiershousingcostscpih/userengagementreportmar2016tojan2017, MainPoints: None
16:41:28 - INFO: Bulletin: economy/inflationandpriceindices/articles/understandingthedifferentapproachesofmeasuringowneroccupiershousingcostsooh/weightsanalysis, MainPoints: None
16:41:28 - INFO: Bulletin: economy/inflationandpriceindices/articles/improvementstotheimportandexportpriceindicesipiandepiandservicesproducerpriceindicessppi/november2016, MainPoints: None
16:41:29 - INFO: Bulletin: economy/inflationandpriceindices/articles/impactofinclusionofcounciltaxandrevisedimputedrentsoncpih/dec2016, MainPoints: None
16:41:30 - INFO: Bulletin: economy/inflationandpriceindices/articles/clarificationofpublicationarrangementsfortheretailpricesindexandrelatedindices/november2016, MainPoints: None
16:41:30 - INFO: Bulletin: economy/inflationandpriceindices/articles/whyhasthevalueofthepoundbeenfallingandwhatcouldthismeanforpeopleintheuk/2016-10-28, MainPoints: None
16:41:31 - INFO: Bulletin: economy/inflationandpriceindices/articles/cpihcompendium/2016-10-13, MainPoints: None
16:41:32 - INFO: Bulletin: economy/inflationandpriceindices/articles/owneroccupiedhousingcostsusingthenetacquisitionsapproach/quarter2aprtojun2016, MainPoints: None
16:41:32 - INFO: Bulletin: economy/inflationandpriceindices/articles/whatsinthebasketofgoods70yearsofshoppinghistory/2016-07-21, MainPoints: None
16:41:32 - INFO: Bulletin: economy/inflationandpriceindices/articles/explainingtheimpactofthenewukhousepriceindex/may2016, MainPoints: None
16:41:33 - INFO: Bulletin: economy/inflationandpriceindices/articles/coveragedifferencesbetweentheharmonisedindexofconsumerpricesandnationalconsumerpricesindices/2016-05-23, MainPoints: None
16:41:34 - INFO: Bulletin: economy/inflationandpriceindices/articles/introducingthesingleofficialhousepriceindex/2016-03-30, MainPoints: None
16:41:34 - INFO: Bulletin: economy/inflationandpriceindices/articles/estimatedeffectofthebudgetonconsumerpricesindexandretailpricesindex/spring2016, MainPoints: None
16:41:34 - INFO: Bulletin: economy/inflationandpriceindices/articles/consumerpricesindexandretailpricesindexupdatingweights/2016, MainPoints: None
16:41:35 - INFO: Bulletin: economy/inflationandpriceindices/articles/consumerpriceinflationbasketofgoodsandservices/2016, MainPoints: None
16:41:35 - INFO: Bulletin: economy/inflationandpriceindices/articles/fuelpricesexplainedabreakdownofthecostofpetrolanddiesel/2016-01-22, MainPoints: None
16:41:36 - INFO: Bulletin: economy/inflationandpriceindices/articles/consumerpriceinflationdetailedbriefingnoteapril2015/april2015, MainPoints: None
16:41:37 - INFO: Bulletin: economy/inflationandpriceindices/articles/consumerpriceinflationdetailedbriefingnotemarch2015/march2015, MainPoints: None
16:41:43 - INFO: Bulletin: economy/investmentspensionsandtrusts/articles/backgroundinformationontheoccupationalpensionschemessurveyopssstatisticalbulletin/2017-09-20, MainPoints: None
16:41:43 - INFO: Bulletin: economy/investmentspensionsandtrusts/articles/pensionersintheeuanduk/2017-09-05, MainPoints: None
16:41:44 - INFO: Bulletin: economy/investmentspensionsandtrusts/compendium/pensiontrends/2014-11-28, MainPoints: None
16:41:45 - INFO: Bulletin: economy/nationalaccounts/articles/dashboardunderstandingtheukeconomy/2017-02-22, MainPoints: None
16:41:48 - INFO: Bulletin: economy/nationalaccounts/uksectoraccounts/articles/realtimeindicatorsayearon/2021-06-07, MainPoints: None
16:41:49 - INFO: Bulletin: economy/nationalaccounts/uksectoraccounts/articles/economicstatisticssectorclassificationclassificationupdateandforwardworkplan/may2021, MainPoints: None
16:42:00 - INFO: Bulletin: economy/nationalaccounts/uksectoraccounts/articles/proposedchangestobeimplementedinbluebookandpinkbook2021/2021-02-01, MainPoints: None
16:42:09 - INFO: Bulletin: economy/nationalaccounts/uksectoraccounts/articles/coronavirusanditsimpactontheukinstitutionalsectoraccounts/quarter2aprtojune2020, MainPoints: None
16:42:10 - INFO: Bulletin: economy/nationalaccounts/supplyandusetables/articles/nationalaccountsdeflatorstrategy/september2020, MainPoints: None
16:42:10 - INFO: Bulletin: economy/nationalaccounts/uksectoraccounts/articles/detailedassessmentofchangestosectorandfinancialaccountsbalanceofpaymentsandquarterlygdp/1997to2018, MainPoints: None
16:42:13 - INFO: Bulletin: economy/nationalaccounts/uksectoraccounts/articles/improvementstothemeasurementofukgdp/anupdateonprogress, MainPoints: None
16:42:16 - INFO: Bulletin: economy/nationalaccounts/balanceofpayments/articles/coronavirusandtheeffectsontheukbalanceofpayments/2020-06-22, MainPoints: None
16:42:16 - INFO: Bulletin: economy/nationalaccounts/uksectoraccounts/articles/coronavirusandtheeffectsontheukinstitutionalsectoraccounts/2020-06-22, MainPoints: None
16:42:17 - INFO: Bulletin: economy/nationalaccounts/uksectoraccounts/articles/coronavirusandtheeffectsonukgdp/2020-05-06, MainPoints: None
16:42:20 - INFO: Bulletin: economy/nationalaccounts/uksectoraccounts/articles/realtimeturningpointindicatorsaukfocus/2020-04-27, MainPoints: None
16:42:23 - INFO: Bulletin: economy/nationalaccounts/uksectoraccounts/articles/experimentalhistoricaldataforthehouseholdsandnpishfinancialcategoriesaf6af7andaf8assetsandliabilities/2020-03-16, MainPoints: None
16:42:25 - INFO: Bulletin: economy/nationalaccounts/uksectoraccounts/compendium/economicreview/february2020, MainPoints: None
16:42:26 - INFO: Bulletin: economy/nationalaccounts/balanceofpayments/articles/asymmetriesintradedatadivingdeeperintoukbilateraltradedata/updatinganalysisofukbilateraltradedata, MainPoints: None
16:42:28 - INFO: Bulletin: economy/nationalaccounts/uksectoraccounts/articles/latestdevelopmentsandchangestobeimplementedinbluebookandpinkbook2020/2020-02-03, MainPoints: None
16:42:28 - INFO: Bulletin: economy/nationalaccounts/uksectoraccounts/articles/anewframeworkforukgdp/progresschallengesandthefuture, MainPoints: None
16:42:29 - INFO: Bulletin: economy/nationalaccounts/balanceofpayments/articles/fdiestimatesusingtheassetandliabilitymeasurementprincipleandrevisionstopreviouslypublishedestimates/2019-12-03, MainPoints: None
16:42:29 - INFO: Bulletin: economy/nationalaccounts/uksectoraccounts/articles/nationalaccountsarticles/areviewofhouseholdsmixedincomeestimatesandplansforupcomingimprovements, MainPoints: None
16:42:30 - INFO: Bulletin: economy/nationalaccounts/uksectoraccounts/articles/enhancedfinancialaccountsukflowoffundsusingcommercialdatainexperimentalstatistics/2019-11-26, MainPoints: None
16:42:31 - INFO: Bulletin: economy/nationalaccounts/uksectoraccounts/articles/potentialapplicationoftheeuropeanmarketinfrastructureregulationemirdatainthenationalaccounts/flowoffunds, MainPoints: None
16:42:34 - INFO: Bulletin: economy/nationalaccounts/uksectoraccounts/articles/enhancedfinancialaccountsukflowoffundsbankingsectorupdate/2019-11-26, MainPoints: None
16:42:35 - INFO: Bulletin: economy/nationalaccounts/uksectoraccounts/articles/economicstatisticstransformationprogrammeenhancedfinancialaccountsukflowoffunds2018matrixupdate/2019, MainPoints: None
16:42:35 - INFO: Bulletin: economy/nationalaccounts/balanceofpayments/articles/ukscurrentaccount/insightsanddefinitions, MainPoints: None
16:42:36 - INFO: Bulletin: economy/nationalaccounts/uksectoraccounts/articles/nationalaccountsarticleslatestdevelopmentsandchangestocapitalstockstobeimplementedinbluebook2019/2019-08-30, MainPoints: None
16:42:37 - INFO: Bulletin: economy/nationalaccounts/uksectoraccounts/articles/nationalaccountsarticlesdetailedassessmentofchangestosectorandfinancialaccounts1997to2016/2019-08-30, MainPoints: None
16:42:38 - INFO: Bulletin: economy/nationalaccounts/uksectoraccounts/articles/economicstatisticstransformationprogrammeenhancedfinancialaccountsukflowoffunds/historicalhouseholdsandnonprofitinstitutionsservinghouseholdsnpishsectorsdataonloansandequityandinvestmentfundsharesorunits, MainPoints: None
16:42:38 - INFO: Bulletin: economy/nationalaccounts/balanceofpayments/articles/classifyingspecialpurposeentitiesinukforeigndirectinvestmentstatisticsexperimentalanalysis/2019-06-03, MainPoints: None
16:42:41 - INFO: Bulletin: economy/nationalaccounts/uksectoraccounts/articles/analysisofincreasesinthenetcapitalstockoftransportequipmentfornonfinancialcorporationsuk/2013to2017, MainPoints: None
16:42:41 - INFO: Bulletin: economy/nationalaccounts/balanceofpayments/articles/exploringforeigninvestmentwheredoestheukinvestandwhoinvestsintheuk/2018-11-01, MainPoints: None
16:42:42 - INFO: Bulletin: economy/nationalaccounts/balanceofpayments/articles/uktradedevelopmentplan/achievementsandforwardlookoctober2018, MainPoints: None
16:42:43 - INFO: Bulletin: economy/nationalaccounts/balanceofpayments/articles/whyhastheuktradeingoodsdeficitwidenedinrealterms/2018-09-24, MainPoints: None
16:42:44 - INFO: Bulletin: economy/nationalaccounts/uksectoraccounts/articles/economicstatisticstransformationprogrammeenhancedfinancialaccountsukflowoffundsusingthomsonreutersdatatobetterunderstandtheeconomy/august2018, MainPoints: None
16:42:45 - INFO: Bulletin: economy/nationalaccounts/uksectoraccounts/articles/makingendsmeetarehouseholdslivingbeyondtheirmeans/2018-07-26, MainPoints: None
16:42:45 - INFO: Bulletin: economy/nationalaccounts/uksectoraccounts/articles/economicsstatisticstransformationprogrammeenhancedfinancialaccountsukflowoffundsshadowbankings124nonmoneymarketinvestmentfunds/2018-07-16, MainPoints: None
16:42:48 - INFO: Bulletin: economy/nationalaccounts/uksectoraccounts/articles/economicstatisticstransformationprogrammeenhancedfinancialaccountsukflowoffundsshadowbankingmoneymarketfunds/2018-05-08, MainPoints: None
16:42:48 - INFO: Bulletin: economy/nationalaccounts/uksectoraccounts/articles/economicstatisticstransformationprogrammeenhancedfinancialaccountsukflowoffundsshadowbankingintroductoryarticle/2018-05-01, MainPoints: None
16:42:49 - INFO: Bulletin: economy/nationalaccounts/uksectoraccounts/articles/experimentalfinancialstatisticsforinsuranceusingsolvencyiiregulatorydataenhancedfinancialaccountsukflowoffunds/2018-04-30, MainPoints: None
16:42:49 - INFO: Bulletin: economy/nationalaccounts/balanceofpayments/articles/tradeingoodscountrybycommodityexperimentaldata2011to2016/2018-04-16, MainPoints: None
16:42:52 - INFO: Bulletin: economy/nationalaccounts/supplyandusetables/articles/inputoutputanalyticaltables/methodsandapplicationtouknationalaccounts, MainPoints: None
16:42:55 - INFO: Bulletin: economy/nationalaccounts/uksectoraccounts/articles/doubledeflation/methodsandapplicationtouknationalaccountsexperimentalstatistics, MainPoints: None
16:42:56 - INFO: Bulletin: economy/nationalaccounts/balanceofpayments/articles/asymmetriesintradedataaukperspective/2017-07-13, MainPoints: None
16:42:56 - INFO: Bulletin: economy/nationalaccounts/uksectoraccounts/articles/moneyinfundedpensionsandinsuranceintheuknationalaccounts/1957to2015, MainPoints: None
16:42:59 - INFO: Bulletin: economy/nationalaccounts/balanceofpayments/articles/onsresponsetothenationalstatisticsqualityreviewoftheuksforeigndirectinvestmentsurvey/october2016, MainPoints: None
16:43:00 - INFO: Bulletin: economy/nationalaccounts/uksectoraccounts/articles/economicstatisticsclassificationarticle/statisticaltreatmentofthebankofenglandstermfundingschemeintheuknationalaccountsandpublicsectorfinances, MainPoints: None
16:43:00 - INFO: Bulletin: economy/nationalaccounts/balanceofpayments/articles/theimpactofrecentcurrencyfluctuationsonforeigndirectinvestmentfdistatistics/quarter2aprtojune2016, MainPoints: None
16:43:01 - INFO: Bulletin: economy/nationalaccounts/uksectoraccounts/articles/statisticalclassificationofregisteredprovidersofsocialhousinginscotlandwalesandnorthernireland/september2016, MainPoints: None
16:43:01 - INFO: Bulletin: economy/nationalaccounts/uksectoraccounts/articles/assessmentoftheukpostreferendumeconomy/september2016, MainPoints: None
16:43:02 - INFO: Bulletin: economy/nationalaccounts/balanceofpayments/articles/theuktradeandinvestmentrelationshipwiththeunitedstatesofamerica/2016, MainPoints: None
16:43:03 - INFO: Bulletin: economy/nationalaccounts/balanceofpayments/articles/uktradeandinvestmentwithsouthamerica/2016, MainPoints: None
16:43:05 - INFO: Bulletin: economy/nationalaccounts/supplyandusetables/articles/commentaryonsupplyandusebalancedestimatesofannualgdp/1997to2014, MainPoints: None
16:43:06 - INFO: Bulletin: economy/nationalaccounts/balanceofpayments/articles/analysisoftheuksinternationalinvestmentposition/2016, MainPoints: None
16:43:07 - INFO: Bulletin: economy/regionalaccounts/grossdisposablehouseholdincome/articles/mappingregionaldifferencesinproductivityandhouseholdincome/2021-05-17, MainPoints: None
16:43:10 - INFO: Bulletin: economy/regionalaccounts/grossdisposablehouseholdincome/articles/investigatinghouseholdexpenditureinislandcommunities/2018-10-31, MainPoints: None
16:43:10 - INFO: Bulletin: economy/regionalaccounts/grossdisposablehouseholdincome/articles/thefeasibilityofproducingregionalhouseholdfinalconsumptionexpenditureuk/2016, MainPoints: None
16:43:12 - INFO: Bulletin: economy/regionalaccounts/grossdisposablehouseholdincome/articles/supportingdevolutiondevelopmentsinregionalandlocalstatistics/2016-05-25, MainPoints: None
16:43:14 - INFO: Bulletin: employmentandlabourmarket/peopleinwork/employmentandemployeetypes/bulletins/averageweeklyearningsingreatbritain/june2021, MainPoints: None
16:43:21 - INFO: Bulletin: employmentandlabourmarket/peopleinwork/workplacepensions/bulletins/annualsurveyofhoursandearningspensiontables/2020provisionaland2019finalresults, MainPoints: None
16:43:25 - INFO: Bulletin: employmentandlabourmarket/peopleinwork/earningsandworkinghours/articles/whichjobsaremostlikelytohaveseenadropinpayduringthepandemic/2021-03-05, MainPoints: None
16:43:33 - INFO: Bulletin: employmentandlabourmarket/peopleinwork/earningsandworkinghours/bulletins/genderpaygapintheuk/2020, MainPoints: None
16:43:34 - INFO: Bulletin: employmentandlabourmarket/peopleinwork/earningsandworkinghours/bulletins/annualsurveyofhoursandearnings/2020, MainPoints: None
16:43:35 - INFO: Bulletin: employmentandlabourmarket/peopleinwork/employmentandemployeetypes/articles/coronavirusanditsimpactonthelabourforcesurvey/2020-10-13, MainPoints: None
16:43:40 - INFO: Bulletin: employmentandlabourmarket/peopleinwork/employmentandemployeetypes/articles/whichjobscanbedonefromhome/2020-07-21, MainPoints: None
16:43:43 - INFO: Bulletin: employmentandlabourmarket/peopleinwork/employmentandemployeetypes/articles/whichoccupationshavethehighestpotentialexposuretothecoronaviruscovid19/2020-05-11, MainPoints: None
16:43:44 - INFO: Bulletin: employmentandlabourmarket/peopleinwork/employmentandemployeetypes/articles/coronavirusandtheeffectsonuklabourmarketstatistics/2020-05-06, MainPoints: None
16:43:53 - INFO: Bulletin: employmentandlabourmarket/peopleinwork/employmentandemployeetypes/articles/reconciliationofestimatesofjobs/march2020, MainPoints: None
16:43:54 - INFO: Bulletin: employmentandlabourmarket/peopleinwork/labourproductivity/articles/productivitymeasurementhowtounderstandthedataaroundtheuksbiggesteconomicissue/2020-03-13, MainPoints: None
16:43:55 - INFO: Bulletin: employmentandlabourmarket/peopleinwork/employmentandemployeetypes/articles/ukandnonukpeopleinthelabourmarket/february2020, MainPoints: None
16:43:56 - INFO: Bulletin: employmentandlabourmarket/peopleinwork/earningsandworkinghours/articles/newmethodsformonthlyearningsandemploymentestimatesfrompayasyouearnrealtimeinformationpayertidata/december2019, MainPoints: None
16:43:58 - INFO: Bulletin: employmentandlabourmarket/peopleinwork/employmentandemployeetypes/articles/youngpeopleexpecthighpayandleisuretimefromselfemployment/2019-11-18, MainPoints: None
16:44:00 - INFO: Bulletin: employmentandlabourmarket/peopleinwork/earningsandworkinghours/articles/genderdifferencesincommutetimeandpay/2019-09-04, MainPoints: None
16:44:00 - INFO: Bulletin: employmentandlabourmarket/peopleinwork/earningsandworkinghours/articles/thecommutinggapwomenaremorelikelythanmentoleavetheirjoboveralongcommute/2019-09-04, MainPoints: None
16:44:01 - INFO: Bulletin: employmentandlabourmarket/peopleinwork/earningsandworkinghours/articles/ukearningsexplorer/2019-08-16, MainPoints: None
16:44:01 - INFO: Bulletin: employmentandlabourmarket/peopleinwork/earningsandworkinghours/articles/genderpaygapexplorer/2019-06-07, MainPoints: None
16:44:02 - INFO: Bulletin: employmentandlabourmarket/peopleinwork/workplacedisputesandworkingconditions/articles/labourdisputes/2018, MainPoints: None
16:44:04 - INFO: Bulletin: employmentandlabourmarket/peopleinwork/employmentandemployeetypes/articles/theprobabilityofautomationinengland/2011and2017, MainPoints: None
16:44:04 - INFO: Bulletin: employmentandlabourmarket/peopleinwork/employmentandemployeetypes/articles/whichoccupationsareathighestriskofbeingautomated/2019-03-25, MainPoints: None
16:44:05 - INFO: Bulletin: employmentandlabourmarket/peopleinwork/employmentandemployeetypes/articles/labourmarketflows/march2019, MainPoints: None
16:44:06 - INFO: Bulletin: employmentandlabourmarket/peopleinwork/employmentandemployeetypes/articles/leastqualifiedadultsmissoutonjobboostingtrainingandeducation/2019-01-10, MainPoints: None
16:44:06 - INFO: Bulletin: employmentandlabourmarket/peopleinwork/employmentandemployeetypes/articles/thecommutinggapmenaccountfor65ofcommuteslastingmorethananhour/2018-11-07, MainPoints: None
16:44:09 - INFO: Bulletin: employmentandlabourmarket/peopleinwork/earningsandworkinghours/compendium/distributionofukearningsanalyses/2017, MainPoints: None
16:44:09 - INFO: Bulletin: employmentandlabourmarket/peopleinwork/employmentandemployeetypes/articles/youngpeoplescareeraspirationsversusreality/2018-09-27, MainPoints: None
16:44:10 - INFO: Bulletin: employmentandlabourmarket/peopleinwork/employmentandemployeetypes/articles/oneineightyoungpeoplewithoutdegreesworkingraduatejobs/2018-09-18, MainPoints: None
16:44:11 - INFO: Bulletin: employmentandlabourmarket/peopleinwork/earningsandworkinghours/articles/supplementaryanalysisofaverageweeklyearnings/september2018, MainPoints: None
16:44:12 - INFO: Bulletin: employmentandlabourmarket/peopleinwork/employmentandemployeetypes/articles/sicknessabsencefallstothelowestratein24years/2018-07-30, MainPoints: None
16:44:13 - INFO: Bulletin: employmentandlabourmarket/peopleinwork/labourproductivity/articles/howproductiveisyourbusiness/2018-07-06, MainPoints: None
16:44:13 - INFO: Bulletin: employmentandlabourmarket/peopleinwork/workplacepensions/articles/pensionparticipationatrecordhighbutcontributionsclusteratminimumlevels/2018-05-04, MainPoints: None
16:44:14 - INFO: Bulletin: employmentandlabourmarket/peopleinwork/earningsandworkinghours/articles/contractsthatdonotguaranteeaminimumnumberofhours/april2018, MainPoints: None
16:44:15 - INFO: Bulletin: employmentandlabourmarket/peopleinwork/labourproductivity/articles/experimentaldataonthemanagementpracticesofmanufacturingbusinessesingreatbritain/2018-04-06, MainPoints: None
16:44:15 - INFO: Bulletin: employmentandlabourmarket/peopleinwork/earningsandworkinghours/articles/nationallivingwageearnersfallshortofaveragefamilyspending/2018-03-28, MainPoints: None
16:44:15 - INFO: Bulletin: employmentandlabourmarket/peopleinwork/employmentandemployeetypes/articles/trendsinselfemploymentintheuk/2018-02-07, MainPoints: None
16:44:16 - INFO: Bulletin: employmentandlabourmarket/peopleinwork/labourproductivity/articles/divisionlevellabourproductivityestimates/january2018, MainPoints: None
16:44:18 - INFO: Bulletin: employmentandlabourmarket/peopleinwork/earningsandworkinghours/articles/londonhadthesmallestgenderpaygap20yearsagobutnowithasthelargest/2017-11-27, MainPoints: None
16:44:19 - INFO: Bulletin: employmentandlabourmarket/peopleinwork/earningsandworkinghours/articles/ispayhigherinthepublicorprivatesector/2017-11-16, MainPoints: None
16:44:20 - INFO: Bulletin: employmentandlabourmarket/peopleinwork/earningsandworkinghours/articles/explorethegenderpaygapandtestyourknowledge/2017-10-26, MainPoints: None
16:44:20 - INFO: Bulletin: employmentandlabourmarket/peopleinwork/earningsandworkinghours/articles/howdothejobsmenandwomendoaffectthegenderpaygap/2017-10-06, MainPoints: None
16:44:21 - INFO: Bulletin: employmentandlabourmarket/peopleinwork/employmentandemployeetypes/articles/moremotherswithyoungchildrenworkingfulltime/2017-09-26, MainPoints: None
16:44:24 - INFO: Bulletin: employmentandlabourmarket/peopleinwork/earningsandworkinghours/articles/anoverviewofandcomparisonbetweenannualsurveyofhoursandearningsasheandaverageweeklyearningsawe/2017-09-14, MainPoints: None
16:44:24 - INFO: Bulletin: employmentandlabourmarket/peopleinwork/workplacepensions/articles/howareprivatepensionsaffectingtheincomeofretiredhouseholds/2017-08-08, MainPoints: None
16:44:25 - INFO: Bulletin: employmentandlabourmarket/peopleinwork/employmentandemployeetypes/articles/monitoringthequalityoflabourforcesurveyresults/2017-05-22, MainPoints: None
16:44:27 - INFO: Bulletin: employmentandlabourmarket/peopleinwork/labourproductivity/articles/introducingquarterlyregionallabourinputmetrics/2017-04-11, MainPoints: None
16:44:30 - INFO: Bulletin: employmentandlabourmarket/peopleinwork/earningsandworkinghours/articles/billionpoundlossinvolunteeringeffort/2017-03-16, MainPoints: None
16:44:33 - INFO: Bulletin: employmentandlabourmarket/peoplenotinwork/unemployment/articles/whichgroupsfindithardesttofindajobfollowingaperiodoutofwork/2021-03-30, MainPoints: None
16:44:35 - INFO: Bulletin: employmentandlabourmarket/peoplenotinwork/economicinactivity/articles/despiterecordemploymentnearly10ofadultshaveneverdonepaidwork/2019-02-28, MainPoints: None
16:44:36 - INFO: Bulletin: employmentandlabourmarket/peoplenotinwork/unemployment/articles/childrenlivinginlongtermworklesshouseholds/uk, MainPoints: None
16:44:44 - INFO: Bulletin: peoplepopulationandcommunity/birthsdeathsandmarriages/deaths/articles/deathsathomeincreasedbyathirdin2020whiledeathsinhospitalsfellexceptforcovid19/2021-05-07, MainPoints: None
16:44:53 - INFO: Bulletin: peoplepopulationandcommunity/birthsdeathsandmarriages/families/articles/familiesandhouseholdsstatisticsexplained/2021-03-02, MainPoints: None
16:45:22 - INFO: Bulletin: peoplepopulationandcommunity/birthsdeathsandmarriages/ageing/articles/subnationalageingtool/2020-07-20, MainPoints: None
16:45:30 - INFO: Bulletin: peoplepopulationandcommunity/birthsdeathsandmarriages/deaths/articles/wheretofindstatisticsonukdeathsinvolvingthecoronaviruscovid19andinfectionratesbycountry/2020-05-19, MainPoints: None
16:45:40 - INFO: Bulletin: peoplepopulationandcommunity/birthsdeathsandmarriages/ageing/articles/livinglongerisage70thenewage65/2019-11-19, MainPoints: None
16:45:43 - INFO: Bulletin: peoplepopulationandcommunity/birthsdeathsandmarriages/ageing/articles/howwouldyousupportourageingpopulation/2019-06-24, MainPoints: None
16:45:43 - INFO: Bulletin: peoplepopulationandcommunity/birthsdeathsandmarriages/livebirths/articles/babynamesexplorer/2019-06-07, MainPoints: None
16:45:44 - INFO: Bulletin: peoplepopulationandcommunity/birthsdeathsandmarriages/families/articles/thecostoflivingalone/2019-04-04, MainPoints: None
16:45:45 - INFO: Bulletin: peoplepopulationandcommunity/birthsdeathsandmarriages/ageing/articles/livinglongerhowourpopulationischangingandwhyitmatters/2019-03-15, MainPoints: None
16:45:46 - INFO: Bulletin: peoplepopulationandcommunity/birthsdeathsandmarriages/livebirths/articles/babynameswhereyoulivecouldshapewhatyoucallyourbaby/2018-09-21, MainPoints: None
16:45:49 - INFO: Bulletin: peoplepopulationandcommunity/birthsdeathsandmarriages/deaths/articles/drugrelateddeathsdeepdiveintocoronersrecords/2018-08-06, MainPoints: None
16:45:52 - INFO: Bulletin: peoplepopulationandcommunity/birthsdeathsandmarriages/ageing/articles/howdothepostworldwarbabyboomgenerationscompare/2018-03-06, MainPoints: None
16:45:53 - INFO: Bulletin: peoplepopulationandcommunity/birthsdeathsandmarriages/deaths/articles/howdoesdeprivationvarybyleadingcauseofdeath/2017-11-01, MainPoints: None
16:45:55 - INFO: Bulletin: peoplepopulationandcommunity/birthsdeathsandmarriages/deaths/articles/causesofdeathover100years/2017-09-18, MainPoints: None
16:45:55 - INFO: Bulletin: peoplepopulationandcommunity/birthsdeathsandmarriages/deaths/articles/whoismostatriskofsuicide/2017-09-07, MainPoints: None
16:45:55 - INFO: Bulletin: peoplepopulationandcommunity/birthsdeathsandmarriages/marriagecohabitationandcivilpartnerships/articles/marriageanddivorceontheriseat65andover/2017-07-18, MainPoints: None
16:45:58 - INFO: Bulletin: peoplepopulationandcommunity/birthsdeathsandmarriages/ageing/articles/theimpactofthefirstworldwaronthe90andoverpopulationoftheuk/2015, MainPoints: None
16:45:58 - INFO: Bulletin: peoplepopulationandcommunity/birthsdeathsandmarriages/livebirths/articles/howhasthestudentpopulationchanged/2016-09-20, MainPoints: None
16:45:59 - INFO: Bulletin: peoplepopulationandcommunity/birthsdeathsandmarriages/livebirths/articles/thepopularityofthenamemuhammadmohammedmohammad/2016-09-02, MainPoints: None
16:45:59 - INFO: Bulletin: peoplepopulationandcommunity/birthsdeathsandmarriages/livebirths/articles/babynamessince1904howhasyoursperformed/2016-09-02, MainPoints: None
16:46:00 - INFO: Bulletin: peoplepopulationandcommunity/birthsdeathsandmarriages/marriagecohabitationandcivilpartnerships/articles/whatsthebesttimeforawedding/2016-08-26, MainPoints: None
16:46:01 - INFO: Bulletin: peoplepopulationandcommunity/birthsdeathsandmarriages/deaths/articles/doesoursexaffectwhatwediefrom/2016-07-13, MainPoints: None
16:46:02 - INFO: Bulletin: peoplepopulationandcommunity/birthsdeathsandmarriages/deaths/articles/deathsfromlegalhighs/2016-04-28, MainPoints: None
16:46:02 - INFO: Bulletin: peoplepopulationandcommunity/birthsdeathsandmarriages/deaths/articles/deathsinvolvinglegalhighsinenglandandwales/between2004and2013, MainPoints: None
16:46:03 - INFO: Bulletin: peoplepopulationandcommunity/birthsdeathsandmarriages/deaths/articles/dementiaandrespiratorydiseasebehindbiggestannualdeathsincreasesincethe1960s/2016-04-07, MainPoints: None
16:46:12 - INFO: Bulletin: peoplepopulationandcommunity/crimeandjustice/articles/exploringthefeasibilityofasurveymeasuringchildabuseintheuk/january2021, MainPoints: None
16:46:19 - INFO: Bulletin: peoplepopulationandcommunity/crimeandjustice/articles/howdomesticabusedataarecapturedthroughthecriminaljusticesystem/2019-11-25, MainPoints: None
16:46:25 - INFO: Bulletin: peoplepopulationandcommunity/crimeandjustice/articles/modernslaveryintheuk/march2020, MainPoints: None
16:46:34 - INFO: Bulletin: peoplepopulationandcommunity/crimeandjustice/articles/howmuchdoyoureallyknowaboutcrime/2018-11-06, MainPoints: None
16:46:35 - INFO: Bulletin: peoplepopulationandcommunity/crimeandjustice/articles/developingameasureofcontrollingorcoercivebehaviour/2019-04-18, MainPoints: None
16:46:36 - INFO: Bulletin: peoplepopulationandcommunity/crimeandjustice/articles/sexualoffendingvictimisationandthepaththroughthecriminaljusticesystem/2018-12-13, MainPoints: None
16:46:41 - INFO: Bulletin: peoplepopulationandcommunity/crimeandjustice/articles/redesignofcrimesurveyforenglandandwalescsewcorequestionsforonlinecollection/2018-07-19, MainPoints: None
16:46:44 - INFO: Bulletin: peoplepopulationandcommunity/crimeandjustice/articles/overviewoffraudandcomputermisusestatisticsforenglandandwales/2018-01-25, MainPoints: None
16:46:44 - INFO: Bulletin: peoplepopulationandcommunity/crimeandjustice/articles/peoplewhowereabusedaschildrenaremorelikelytobeabusedasanadult/2017-09-27, MainPoints: None
16:46:44 - INFO: Bulletin: peoplepopulationandcommunity/crimeandjustice/articles/peoplegreatlyoverestimatetheirlikelihoodofbeingrobbed/2017-09-07, MainPoints: None
16:46:45 - INFO: Bulletin: peoplepopulationandcommunity/crimeandjustice/articles/publicperceptionsofcrimeinenglandandwales/yearendingmarch2016, MainPoints: None
16:46:45 - INFO: Bulletin: peoplepopulationandcommunity/crimeandjustice/articles/overviewofrobberyandtheftfromtheperson/2017-07-20, MainPoints: None
16:46:46 - INFO: Bulletin: peoplepopulationandcommunity/crimeandjustice/articles/overviewofbicycletheft/2017-07-20, MainPoints: None
16:46:46 - INFO: Bulletin: peoplepopulationandcommunity/crimeandjustice/articles/overviewofvehiclerelatedtheft/2017-07-20, MainPoints: None
16:46:46 - INFO: Bulletin: peoplepopulationandcommunity/crimeandjustice/articles/overviewofburglaryandotherhouseholdtheft/englandandwales, MainPoints: None
16:46:47 - INFO: Bulletin: peoplepopulationandcommunity/crimeandjustice/compendium/focusonviolentcrimeandsexualoffences/yearendingmarch2016, MainPoints: None
16:46:47 - INFO: Bulletin: peoplepopulationandcommunity/crimeandjustice/articles/researchoutputsdevelopingacrimeseverityscoreforenglandandwalesusingdataoncrimesrecordedbythepolice/2016-11-29, MainPoints: None
16:46:52 - INFO: Bulletin: peoplepopulationandcommunity/crimeandjustice/articles/overviewoffraudstatistics/yearendingmarch2016, MainPoints: None
16:46:52 - INFO: Bulletin: peoplepopulationandcommunity/crimeandjustice/compendium/crimestatisticsfocusonpublicperceptionsofcrimeandthepoliceandthepersonalwellbeingofvictims/2015-03-26, MainPoints: None
16:46:58 - INFO: Bulletin: peoplepopulationandcommunity/culturalidentity/religion/articles/exploringreligioninenglandandwales/february2020, MainPoints: None
16:47:00 - INFO: Bulletin: peoplepopulationandcommunity/culturalidentity/sexuality/articles/lesbiangayandbisexualpeoplesaytheyexperiencealowerqualityoflife/2017-07-05, MainPoints: None
16:47:01 - INFO: Bulletin: peoplepopulationandcommunity/culturalidentity/sexuality/articles/subnationalsexualidentityestimates/uk2013to2015, MainPoints: None
16:47:02 - INFO: Bulletin: peoplepopulationandcommunity/culturalidentity/sexuality/bulletins/integratedhouseholdsurvey/2015-10-01, MainPoints: None
16:47:02 - INFO: Bulletin: peoplepopulationandcommunity/culturalidentity/language/articles/peoplewhocannotspeakenglishwellaremorelikelytobeinpoorhealth/2015-07-09, MainPoints: None
16:47:02 - INFO: Bulletin: peoplepopulationandcommunity/culturalidentity/ethnicity/articles/peopleidentifyingasotherwhitehasincreasedbyoveramillionsince2001/2015-06-26, MainPoints: None
16:47:04 - INFO: Bulletin: peoplepopulationandcommunity/culturalidentity/religion/articles/howreligionhaschangedinenglandandwales/2015-06-04, MainPoints: None
16:47:05 - INFO: Bulletin: peoplepopulationandcommunity/culturalidentity/ethnicity/articles/ethnicityandthelabourmarket2011censusenglandandwales/2014-11-13, MainPoints: None
16:47:05 - INFO: Bulletin: peoplepopulationandcommunity/culturalidentity/ethnicity/articles/whatdoesthe2011censustellusaboutthecharacteristicsofgypsyoririshtravellersinenglandandwales/2014-01-21, MainPoints: None
16:47:06 - INFO: Bulletin: peoplepopulationandcommunity/culturalidentity/language/articles/detailedanalysisenglishlanguageproficiencyinenglandandwales/2013-08-30, MainPoints: None
16:47:06 - INFO: Bulletin: peoplepopulationandcommunity/culturalidentity/religion/articles/fullstorywhatdoesthecensustellusaboutreligionin2011/2013-05-16, MainPoints: None
16:47:07 - INFO: Bulletin: peoplepopulationandcommunity/culturalidentity/language/articles/languageinenglandandwales/2013-03-04, MainPoints: None
16:47:07 - INFO: Bulletin: peoplepopulationandcommunity/culturalidentity/ethnicity/articles/ethnicityandnationalidentityinenglandandwales/2012-12-11, MainPoints: None
16:47:07 - INFO: Bulletin: peoplepopulationandcommunity/culturalidentity/religion/articles/religioninenglandandwales2011/2012-12-11, MainPoints: None
16:47:08 - INFO: Bulletin: peoplepopulationandcommunity/educationandchildcare/articles/howhascoronaviruscovid19spreadamongstudentsinengland/2020-12-21, MainPoints: None
16:47:11 - INFO: Bulletin: peoplepopulationandcommunity/educationandchildcare/articles/howdochildhoodcircumstancesaffectyourchancesofpovertyasanadult/2016-05-16, MainPoints: None
16:47:13 - INFO: Bulletin: peoplepopulationandcommunity/elections/electoralregistration/articles/whatimpactcouldloweringtheukvotingageto16haveontheshapeoftheelectorate/2017-07-14, MainPoints: None
16:47:14 - INFO: Bulletin: peoplepopulationandcommunity/elections/electoralregistration/bulletins/electoralstatisticsforenglandwalesandnorthernireland/2015-02-26, MainPoints: None
16:47:17 - INFO: Bulletin: peoplepopulationandcommunity/healthandsocialcare/conditionsanddiseases/articles/coronaviruscovid19/latestinsights, MainPoints: None
16:47:19 - INFO: Bulletin: peoplepopulationandcommunity/healthandsocialcare/conditionsanddiseases/articles/businessimpactofcovid19surveyquestions/1june2021to13june2021, MainPoints: None
16:47:23 - INFO: Bulletin: peoplepopulationandcommunity/healthandsocialcare/conditionsanddiseases/articles/economiesofalepubsinthetimeofcovid19/2021-06-08, MainPoints: None
16:47:29 - INFO: Bulletin: peoplepopulationandcommunity/healthandsocialcare/conditionsanddiseases/articles/coronaviruscovid19inchartswhatwelearnedoverthepastmonthmay2021/2021-05-27, MainPoints: None
16:47:36 - INFO: Bulletin: peoplepopulationandcommunity/healthandsocialcare/conditionsanddiseases/articles/moreinformationondatasourcesrelatedtocoronaviruscovid19/2020-12-11, MainPoints: None
16:47:36 - INFO: Bulletin: peoplepopulationandcommunity/healthandsocialcare/conditionsanddiseases/articles/coronaviruscovid19inchartswhatwelearnedoverthepastmonthmarchtoapril2021/2021-04-30, MainPoints: None
16:47:37 - INFO: Bulletin: peoplepopulationandcommunity/healthandsocialcare/conditionsanddiseases/articles/coronaviruscovid19infectionsurveycharacteristicsofpeopletestingpositiveforcovid19incountriesoftheuk22april2021/2021-04-22, MainPoints: None
16:47:39 - INFO: Bulletin: peoplepopulationandcommunity/healthandsocialcare/conditionsanddiseases/articles/intheirownwordshowdifferentpeoplerespondtocoronavirusguidance/2021-04-12, MainPoints: None
16:47:42 - INFO: Bulletin: peoplepopulationandcommunity/healthandsocialcare/conditionsanddiseases/articles/coronavirusayearlikenoother/2021-03-15, MainPoints: None
16:47:42 - INFO: Bulletin: peoplepopulationandcommunity/healthandsocialcare/conditionsanddiseases/articles/coronaviruscovid19andthedifferenteffectsonmenandwomenintheukmarch2020tofebruary2021/2021-03-10, MainPoints: None
16:47:45 - INFO: Bulletin: peoplepopulationandcommunity/healthandsocialcare/conditionsanddiseases/articles/coronaviruscovid19inchartswhatwelearnedoverthepastmonth/2021-03-01, MainPoints: None
16:47:47 - INFO: Bulletin: peoplepopulationandcommunity/healthandsocialcare/causesofdeath/articles/deathsduetocovid19interactivemap/2021-02-25, MainPoints: None
16:47:52 - INFO: Bulletin: peoplepopulationandcommunity/healthandsocialcare/conditionsanddiseases/articles/coronaviruscovid19roundup14to18december2020/2020-12-18, MainPoints: None
16:47:53 - INFO: Bulletin: peoplepopulationandcommunity/healthandsocialcare/conditionsanddiseases/articles/coronaviruscovid192020incharts/2020-12-18, MainPoints: None
16:47:54 - INFO: Bulletin: peoplepopulationandcommunity/healthandsocialcare/conditionsanddiseases/articles/whyhaveblackandsouthasianpeoplebeenhithardestbycovid19/2020-12-14, MainPoints: None
16:47:55 - INFO: Bulletin: peoplepopulationandcommunity/healthandsocialcare/conditionsanddiseases/articles/anewnormalhowpeoplespenttheirtimeafterthemarch2020coronaviruslockdown/2020-12-09, MainPoints: None
16:47:55 - INFO: Bulletin: peoplepopulationandcommunity/healthandsocialcare/healthandwellbeing/articles/developingthehealthindexforengland/2015to2018, MainPoints: None
16:47:56 - INFO: Bulletin: peoplepopulationandcommunity/healthandsocialcare/conditionsanddiseases/articles/coronaviruscovid19roundup2to6november2020/2020-11-06, MainPoints: None
16:47:56 - INFO: Bulletin: peoplepopulationandcommunity/healthandsocialcare/conditionsanddiseases/articles/coronaviruscovid19roundup26to30october2020/2020-11-06, MainPoints: None
16:47:57 - INFO: Bulletin: peoplepopulationandcommunity/healthandsocialcare/conditionsanddiseases/articles/coronaviruscovid19reviewdataandanalysismarchtooctober2020/2020-10-28, MainPoints: None
16:47:58 - INFO: Bulletin: peoplepopulationandcommunity/healthandsocialcare/conditionsanddiseases/articles/coronaviruscovid19roundup19to23october2020/2020-10-23, MainPoints: None
16:47:58 - INFO: Bulletin: peoplepopulationandcommunity/healthandsocialcare/conditionsanddiseases/articles/coronaviruscovid19roundup12to16october2020/2020-10-23, MainPoints: None
16:47:59 - INFO: Bulletin: peoplepopulationandcommunity/healthandsocialcare/conditionsanddiseases/articles/coronaviruscovid19roundup5to9october2020/2020-10-09, MainPoints: None
16:48:00 - INFO: Bulletin: peoplepopulationandcommunity/healthandsocialcare/conditionsanddiseases/articles/coronaviruscovid19roundup28septemberto2october2020/2020-10-02, MainPoints: None
16:48:01 - INFO: Bulletin: peoplepopulationandcommunity/healthandsocialcare/conditionsanddiseases/articles/coronaviruscovid19roundup21to25september2020/2020-09-25, MainPoints: None
16:48:02 - INFO: Bulletin: peoplepopulationandcommunity/healthandsocialcare/conditionsanddiseases/articles/coronaviruscovid19in10charts/2020-09-24, MainPoints: None
16:48:03 - INFO: Bulletin: peoplepopulationandcommunity/healthandsocialcare/healthandwellbeing/articles/diaryofanationlifeinlockdown/2020-09-23, MainPoints: None
16:48:05 - INFO: Bulletin: peoplepopulationandcommunity/healthandsocialcare/conditionsanddiseases/articles/coronaviruscovid19roundup14to18september2020/2020-09-18, MainPoints: None
16:48:05 - INFO: Bulletin: peoplepopulationandcommunity/healthandsocialcare/conditionsanddiseases/articles/coronaviruscovid19roundup7to11september2020/2020-09-11, MainPoints: None
16:48:06 - INFO: Bulletin: peoplepopulationandcommunity/healthandsocialcare/conditionsanddiseases/articles/coronaviruscovid19roundup31augustto4september2020/2020-09-04, MainPoints: None
16:48:06 - INFO: Bulletin: peoplepopulationandcommunity/healthandsocialcare/conditionsanddiseases/articles/coronaviruscovid19roundup24to28august2020/2020-08-28, MainPoints: None
16:48:07 - INFO: Bulletin: peoplepopulationandcommunity/healthandsocialcare/conditionsanddiseases/articles/coronaviruscovid19roundup17to21august2020/2020-08-21, MainPoints: None
16:48:07 - INFO: Bulletin: peoplepopulationandcommunity/healthandsocialcare/conditionsanddiseases/articles/coronaviruscovid19roundup10to14august2020/2020-08-14, MainPoints: None
16:48:08 - INFO: Bulletin: peoplepopulationandcommunity/healthandsocialcare/conditionsanddiseases/articles/coronaviruscovid19roundup3to7august2020/2020-08-07, MainPoints: None
16:48:09 - INFO: Bulletin: peoplepopulationandcommunity/healthandsocialcare/conditionsanddiseases/articles/coronaviruscovid19roundup27to31july2020/2020-07-31, MainPoints: None
16:48:10 - INFO: Bulletin: peoplepopulationandcommunity/healthandsocialcare/conditionsanddiseases/articles/coronaviruscovid19roundup20to24july2020/2020-07-24, MainPoints: None
16:48:10 - INFO: Bulletin: peoplepopulationandcommunity/healthandsocialcare/conditionsanddiseases/articles/parentinginlockdowncoronavirusandtheeffectsonworklifebalance/2020-07-22, MainPoints: None
16:48:12 - INFO: Bulletin: peoplepopulationandcommunity/healthandsocialcare/conditionsanddiseases/articles/coronaviruscovid19roundup13to17july2020/2020-07-17, MainPoints: None
16:48:12 - INFO: Bulletin: peoplepopulationandcommunity/healthandsocialcare/conditionsanddiseases/articles/coronaviruscovid19roundup6to10july2020/2020-07-10, MainPoints: None
16:48:12 - INFO: Bulletin: peoplepopulationandcommunity/healthandsocialcare/conditionsanddiseases/articles/morepeoplehavebeenhelpingothersoutsidetheirhouseholdthroughthecoronaviruscovid19lockdown/2020-07-09, MainPoints: None
16:48:15 - INFO: Bulletin: peoplepopulationandcommunity/healthandsocialcare/conditionsanddiseases/articles/coronaviruscovid19rounduppeopleandsocialimpacts/2020-07-03, MainPoints: None
16:48:15 - INFO: Bulletin: peoplepopulationandcommunity/healthandsocialcare/conditionsanddiseases/articles/coronaviruscovid19roundup29juneto3july2020/2020-07-03, MainPoints: None
16:48:16 - INFO: Bulletin: peoplepopulationandcommunity/healthandsocialcare/conditionsanddiseases/articles/coronaviruscovid19roundupeconomybusinessandjobs/2020-07-02, MainPoints: None
16:48:17 - INFO: Bulletin: peoplepopulationandcommunity/healthandsocialcare/conditionsanddiseases/articles/coronaviruscovid19roundup22to26june2020/2020-06-26, MainPoints: None
16:48:17 - INFO: Bulletin: peoplepopulationandcommunity/healthandsocialcare/conditionsanddiseases/articles/coronaviruscovid19roundupdeathsandhealth/2020-06-26, MainPoints: None
16:48:19 - INFO: Bulletin: peoplepopulationandcommunity/healthandsocialcare/conditionsanddiseases/articles/coronaviruscovid19roundup15to19june2020/2020-06-19, MainPoints: None
16:48:19 - INFO: Bulletin: peoplepopulationandcommunity/healthandsocialcare/conditionsanddiseases/articles/coronaviruscovid19roundup8to12june2020/2020-06-12, MainPoints: None
16:48:19 - INFO: Bulletin: peoplepopulationandcommunity/healthandsocialcare/causesofdeath/articles/deathsinvolvingcovid19interactivemap/2020-06-12, MainPoints: None
16:48:20 - INFO: Bulletin: peoplepopulationandcommunity/healthandsocialcare/conditionsanddiseases/articles/coronaviruscovid19roundup1to5june2020/2020-06-05, MainPoints: None
16:48:21 - INFO: Bulletin: peoplepopulationandcommunity/healthandsocialcare/conditionsanddiseases/articles/coronaviruscovid19roundup25to29may2020/2020-05-29, MainPoints: None
16:48:22 - INFO: Bulletin: peoplepopulationandcommunity/healthandsocialcare/conditionsanddiseases/articles/coronaviruscovid19roundup18to22may2020/2020-05-22, MainPoints: None
16:48:23 - INFO: Bulletin: peoplepopulationandcommunity/healthandsocialcare/conditionsanddiseases/articles/coronaviruscovid19roundup11to15may2020/2020-05-15, MainPoints: None
16:48:25 - INFO: Bulletin: peoplepopulationandcommunity/healthandsocialcare/conditionsanddiseases/articles/coronaviruscovid19roundup4to8may2020/2020-05-08, MainPoints: None
16:48:25 - INFO: Bulletin: peoplepopulationandcommunity/healthandsocialcare/conditionsanddiseases/articles/coronaviruscovid19roundup27aprilto1may2020/2020-05-01, MainPoints: None
16:48:28 - INFO: Bulletin: peoplepopulationandcommunity/householdcharacteristics/homeinternetandsocialmediausage/articles/exploringtheuksdigitaldivide/2019-03-04, MainPoints: None
16:48:28 - INFO: Bulletin: peoplepopulationandcommunity/householdcharacteristics/homeinternetandsocialmediausage/bulletins/internetaccessquarterlyupdate/2014-08-20, MainPoints: None
16:48:33 - INFO: Bulletin: peoplepopulationandcommunity/housing/articles/ukhousebuildingdata/updatetooctobertodecember2019, MainPoints: None
16:48:34 - INFO: Bulletin: peoplepopulationandcommunity/housing/articles/privaterentalpricesdevelopmentplan/updatedjanuary2021, MainPoints: None
16:48:38 - INFO: Bulletin: peoplepopulationandcommunity/housing/articles/researchoutputmeasuringtransactionsofnewdwellingsfinancialyearsending2014to2018/2020-01-30, MainPoints: None
16:48:40 - INFO: Bulletin: peoplepopulationandcommunity/housing/articles/improvinghomelessnessandroughsleepingstatisticsacrosstheuk/2019-09-17, MainPoints: None
16:48:43 - INFO: Bulletin: peoplepopulationandcommunity/housing/articles/researchoutputssubnationalstockofsecureddepositsheldbythetenancydepositprotectionschemesinengland/2010to2017, MainPoints: None
16:48:45 - INFO: Bulletin: peoplepopulationandcommunity/housing/articles/researchoutputsrentpricestatisticsforsmallareasgreatbritain/2012to2016, MainPoints: None
16:48:46 - INFO: Bulletin: peoplepopulationandcommunity/housing/articles/housingsummarymeasuresanalysis/2016, MainPoints: None
16:48:46 - INFO: Bulletin: peoplepopulationandcommunity/housing/articles/housepriceshowmuchdoesonesquaremetrecostinyourarea/2017-10-11, MainPoints: None
16:48:46 - INFO: Bulletin: peoplepopulationandcommunity/housing/articles/willanextensionincreasethevalueofmyhouse/2017-10-11, MainPoints: None
16:48:47 - INFO: Bulletin: peoplepopulationandcommunity/housing/articles/prospectivehomeownersstrugglingtogetontopropertyladder/2017-02-24, MainPoints: None
16:48:49 - INFO: Bulletin: peoplepopulationandcommunity/housing/articles/fivefactsabouthousing/2016-08-17, MainPoints: None
16:48:49 - INFO: Bulletin: peoplepopulationandcommunity/housing/articles/ukperspectives2016housingandhomeownershipintheuk/2016-05-25, MainPoints: None
16:48:50 - INFO: Bulletin: peoplepopulationandcommunity/housing/articles/ukperspectives2016personalandhouseholdfinancesintheuk/2016-05-25, MainPoints: None
16:48:50 - INFO: Bulletin: peoplepopulationandcommunity/housing/articles/1millionpropertysalesincreasedover70foldsince1995/2016-03-24, MainPoints: None
16:48:54 - INFO: Bulletin: peoplepopulationandcommunity/housing/articles/housepricestatisticsforsmallareasexplained/2015-12-15, MainPoints: None
16:48:54 - INFO: Bulletin: peoplepopulationandcommunity/housing/articles/housepricestatisticsforsmallareas/yearendingquarter41995toyearendingquarter22015, MainPoints: None
16:48:55 - INFO: Bulletin: peoplepopulationandcommunity/housing/articles/socialhousingbecamelessaffordableoverpastdecade/2015-08-05, MainPoints: None
16:48:55 - INFO: Bulletin: peoplepopulationandcommunity/housing/bulletins/housepricestatisticsforsmallareasinenglandandwales/2015-06-24, MainPoints: None
16:48:55 - INFO: Bulletin: peoplepopulationandcommunity/housing/articles/homeownershipdownandrentingupforfirsttimeinacentury/2015-06-19, MainPoints: None
16:48:56 - INFO: Bulletin: peoplepopulationandcommunity/housing/articles/visualisingyourconstituency/2015-03-26, MainPoints: None
16:48:57 - INFO: Bulletin: peoplepopulationandcommunity/housing/articles/housepricestatisticsforsmallareasinenglandandwales/2015-02-17, MainPoints: None
16:48:58 - INFO: Bulletin: peoplepopulationandcommunity/housing/articles/2011censusanalysiswhatdoesthe2011censustellusaboutpeoplelivingincommunalestablishments/2015-02-11, MainPoints: None
16:48:59 - INFO: Bulletin: peoplepopulationandcommunity/housing/articles/characteristicsofbuiltupareas/2013-06-28, MainPoints: None
16:48:59 - INFO: Bulletin: peoplepopulationandcommunity/housing/bulletins/2011censusnumberofpeoplewithsecondaddressesinlocalauthoritiesinenglandandwales/2012-10-22, MainPoints: None
16:49:00 - INFO: Bulletin: peoplepopulationandcommunity/leisureandtourism/articles/redamberandgreentravellistsandoverseasvisitsfromtheuk/2021-06-10, MainPoints: None
16:49:00 - INFO: Bulletin: peoplepopulationandcommunity/leisureandtourism/articles/travelandtourismreview/2021-06-02, MainPoints: None
16:49:05 - INFO: Bulletin: peoplepopulationandcommunity/leisureandtourism/articles/traveltrends2017recentdatacollectionchangesandplannedmethodologicalchanges/2018-07-20, MainPoints: None
16:49:05 - INFO: Bulletin: peoplepopulationandcommunity/leisureandtourism/articles/youngpeoplespendathirdoftheirleisuretimeondevices/2017-12-19, MainPoints: None
16:49:06 - INFO: Bulletin: peoplepopulationandcommunity/leisureandtourism/articles/holidaysinthe1990sandnow/2017-08-07, MainPoints: None
16:49:06 - INFO: Bulletin: peoplepopulationandcommunity/leisureandtourism/articles/ukperspectives2016howwetravel/2016-05-26, MainPoints: None
16:49:08 - INFO: Bulletin: peoplepopulationandcommunity/leisureandtourism/articles/theregionalvalueoftourismintheuk/2013, MainPoints: None
16:49:12 - INFO: Bulletin: peoplepopulationandcommunity/leisureandtourism/articles/howwetravel/2015-02-19, MainPoints: None
16:49:14 - INFO: Bulletin: peoplepopulationandcommunity/personalandhouseholdfinances/incomeandwealth/articles/mappingincomedeprivationatalocalauthoritylevel/2021-05-24, MainPoints: None
16:49:21 - INFO: Bulletin: peoplepopulationandcommunity/personalandhouseholdfinances/incomeandwealth/articles/theeffectsoftaxesandbenefitsonhouseholdincome/financialyearending2019, MainPoints: None
16:49:21 - INFO: Bulletin: peoplepopulationandcommunity/personalandhouseholdfinances/expenditure/articles/morethanonefifthofusualhouseholdspendinghasbeenlargelypreventedduringlockdown/2020-06-11, MainPoints: None
16:49:24 - INFO: Bulletin: peoplepopulationandcommunity/personalandhouseholdfinances/expenditure/articles/familyspendingexplorer/2020-03-26, MainPoints: None
16:49:35 - INFO: Bulletin: peoplepopulationandcommunity/personalandhouseholdfinances/incomeandwealth/articles/usingtaxdatatobettercapturetopearnersinhouseholdincomeinequalitystatistics/2019-02-26, MainPoints: None
16:49:40 - INFO: Bulletin: peoplepopulationandcommunity/personalandhouseholdfinances/incomeandwealth/articles/howwellareyoudoingcomparedwithotheryoungpeople/2018-10-04, MainPoints: None
16:49:43 - INFO: Bulletin: peoplepopulationandcommunity/personalandhouseholdfinances/incomeandwealth/articles/transformationofhouseholdfinancialstatistics/statisticaloutputsworkplan2018to2019, MainPoints: None
16:49:44 - INFO: Bulletin: peoplepopulationandcommunity/personalandhouseholdfinances/expenditure/articles/whatdochildrenintheukspendtheirmoneyon/2018-02-15, MainPoints: None
16:49:49 - INFO: Bulletin: peoplepopulationandcommunity/personalandhouseholdfinances/expenditure/articles/londonhouseholdspendingoutstripstherestoftheuk/2017-02-16, MainPoints: None
16:49:50 - INFO: Bulletin: peoplepopulationandcommunity/personalandhouseholdfinances/incomeandwealth/articles/breadwinnersintheir20showaretheydoingcomparedwithpreviousgenerations/2016-10-11, MainPoints: None
16:49:53 - INFO: Bulletin: peoplepopulationandcommunity/personalandhouseholdfinances/incomeandwealth/articles/householdincomeandinequalitywheredoyoufitin/2016-02-23, MainPoints: None
16:49:53 - INFO: Bulletin: peoplepopulationandcommunity/personalandhouseholdfinances/incomeandwealth/compendium/wealthingreatbritainwave4/2012to2014, MainPoints: None
16:49:55 - INFO: Bulletin: peoplepopulationandcommunity/personalandhouseholdfinances/incomeandwealth/articles/householdsspendthemostontransport/2015-12-08, MainPoints: None
16:49:56 - INFO: Bulletin: peoplepopulationandcommunity/personalandhouseholdfinances/incomeandwealth/compendium/familyspending/2015, MainPoints: None
16:49:59 - INFO: Bulletin: peoplepopulationandcommunity/personalandhouseholdfinances/incomeandwealth/articles/whoisbestatmanagingmoney/2015-07-10, MainPoints: None
16:49:59 - INFO: Bulletin: peoplepopulationandcommunity/personalandhouseholdfinances/incomeandwealth/articles/nowcastinghouseholdincomeintheukinitialmethodology/2015-07-01, MainPoints: None
16:50:01 - INFO: Bulletin: peoplepopulationandcommunity/personalandhouseholdfinances/expenditure/articles/measuringrealhouseholddisposableincome/2015-03-06, MainPoints: None
16:50:01 - INFO: Bulletin: peoplepopulationandcommunity/personalandhouseholdfinances/pensionssavingsandinvestments/articles/6factsaboutpensionmembership/2015-03-05, MainPoints: None
16:50:02 - INFO: Bulletin: peoplepopulationandcommunity/personalandhouseholdfinances/incomeandwealth/articles/personalandhouseholdfinancesintheuk/2015-02-12, MainPoints: None
16:50:02 - INFO: Bulletin: peoplepopulationandcommunity/personalandhouseholdfinances/expenditure/compendium/variationintheinflationexperienceofukhouseholds/2014-12-15, MainPoints: None
16:50:03 - INFO: Bulletin: peoplepopulationandcommunity/personalandhouseholdfinances/incomeandwealth/compendium/generallifestylesurvey/2013-03-07, MainPoints: None
16:50:04 - INFO: Bulletin: peoplepopulationandcommunity/populationandmigration/populationprojections/articles/invitationtoprovidefeedbackontimescalesforfuturenationalandsubnationalpopulationprojections/april2021, MainPoints: None
16:50:05 - INFO: Bulletin: peoplepopulationandcommunity/populationandmigration/internationalmigration/articles/internationalmigrationdevelopingourapproachforproducingadminbasedmigrationestimates/2021-04-16, MainPoints: None
16:50:05 - INFO: Bulletin: peoplepopulationandcommunity/populationandmigration/internationalmigration/articles/populationandmigrationstatisticssystemtransformationrecentupdates/2021-04-16, MainPoints: None
16:50:06 - INFO: Bulletin: peoplepopulationandcommunity/populationandmigration/internationalmigration/articles/transformationofthepopulationandmigrationstatisticssystemoverview/2019-06-21, MainPoints: None
16:50:11 - INFO: Bulletin: peoplepopulationandcommunity/populationandmigration/populationestimates/articles/populationprofilesforlocalauthoritiesinengland/2020-12-14, MainPoints: None
16:50:11 - INFO: Bulletin: peoplepopulationandcommunity/populationandmigration/populationestimates/articles/measuresofstatisticaluncertaintyinonslocalauthoritymidyearpopulationestimates/2011to2019, MainPoints: None
16:50:13 - INFO: Bulletin: peoplepopulationandcommunity/populationandmigration/internationalmigration/articles/internationalmigrationandmobilitywhatschangedsincethecoronaviruspandemic/2020-11-26, MainPoints: None
16:50:22 - INFO: Bulletin: peoplepopulationandcommunity/populationandmigration/populationestimates/articles/adminbasedpopulationestimatesandstatisticaluncertainty/july2020, MainPoints: None
16:50:28 - INFO: Bulletin: peoplepopulationandcommunity/populationandmigration/populationestimates/articles/ourpopulationwherearewehowdidwegetherewherearewegoing/2020-03-27, MainPoints: None
16:50:29 - INFO: Bulletin: peoplepopulationandcommunity/populationandmigration/populationprojections/articles/impactofdifferentmigrationtrendlengths/march2020, MainPoints: None
16:50:30 - INFO: Bulletin: peoplepopulationandcommunity/populationandmigration/internationalmigration/articles/internationalmigrationstatisticspreliminaryadjustmentsupdateandfeedback/february2020, MainPoints: None
16:50:30 - INFO: Bulletin: peoplepopulationandcommunity/populationandmigration/internationalmigration/articles/noteonthedifferencebetweenonspopulationestimatesbynationalityandhomeofficeeuropeanunionsettlementschemeeussstatistics/2020-02-24, MainPoints: None
16:50:31 - INFO: Bulletin: peoplepopulationandcommunity/populationandmigration/internationalmigration/articles/exploringinternationalmigrationconceptsanddefinitionswithhomeofficeadministrativedata/2020-02-14, MainPoints: None
16:50:31 - INFO: Bulletin: peoplepopulationandcommunity/populationandmigration/internationalmigration/articles/definingandmeasuringinternationalmigration/2020-02-14, MainPoints: None
16:50:32 - INFO: Bulletin: peoplepopulationandcommunity/populationandmigration/internationalmigration/articles/whatcanadministrativedatasourcestellusaboutthepatternsofpresenceofnoneustudents/2020-02-14, MainPoints: None
16:50:32 - INFO: Bulletin: peoplepopulationandcommunity/populationandmigration/populationestimates/articles/ukpopulationpyramidinteractive/2020-01-08, MainPoints: None
16:50:33 - INFO: Bulletin: peoplepopulationandcommunity/populationandmigration/populationestimates/articles/milestonesjourneyingthroughadulthood/2019-12-17, MainPoints: None
16:50:33 - INFO: Bulletin: peoplepopulationandcommunity/populationandmigration/populationestimates/articles/researchreportonpopulationestimatesbyethnicgroupandreligion/2019-12-04, MainPoints: None
16:50:34 - INFO: Bulletin: peoplepopulationandcommunity/populationandmigration/internationalmigration/bulletins/longterminternationalmigrantsuk/2018, MainPoints: None
16:50:35 - INFO: Bulletin: peoplepopulationandcommunity/populationandmigration/populationprojections/articles/householdprojectionsupdateforusers/september2019, MainPoints: None
16:50:37 - INFO: Bulletin: peoplepopulationandcommunity/populationandmigration/internationalmigration/articles/understandingdifferentmigrationdatasources/augustprogressreport, MainPoints: None
16:50:38 - INFO: Bulletin: peoplepopulationandcommunity/populationandmigration/internationalmigration/articles/internationalmigrationandthehealthsector/ouranalysisplans, MainPoints: None
16:50:42 - INFO: Bulletin: peoplepopulationandcommunity/populationandmigration/internationalmigration/articles/measuringillegalmigrationourcurrentview/2019-06-21, MainPoints: None
16:50:42 - INFO: Bulletin: peoplepopulationandcommunity/populationandmigration/internationalmigration/articles/feedbackonthepopulationandmigrationstatisticstransformationprogramme/2019-06-21, MainPoints: None
16:50:44 - INFO: Bulletin: peoplepopulationandcommunity/populationandmigration/populationprojections/articles/varianthouseholdprojectionsforengland/2016based, MainPoints: None
16:50:44 - INFO: Bulletin: peoplepopulationandcommunity/populationandmigration/internationalmigration/articles/internationalmigrationandtheeducationsectorwhatdoesthecurrentevidenceshow/2019-05-03, MainPoints: None
16:50:46 - INFO: Bulletin: peoplepopulationandcommunity/populationandmigration/internationalmigration/articles/understandingdifferentmigrationdatasourcesaworkplan/february2019, MainPoints: None
16:50:46 - INFO: Bulletin: peoplepopulationandcommunity/populationandmigration/populationestimates/articles/milestonesjourneyingintoadulthood/2019-02-18, MainPoints: None
16:50:47 - INFO: Bulletin: peoplepopulationandcommunity/populationandmigration/internationalmigration/articles/updateonourpopulationandmigrationstatisticstransformationjourneyaresearchengagementreport/2019-01-30, MainPoints: None
16:50:50 - INFO: Bulletin: peoplepopulationandcommunity/populationandmigration/populationprojections/articles/being18in2018/2018-09-13, MainPoints: None
16:50:51 - INFO: Bulletin: peoplepopulationandcommunity/populationandmigration/internationalmigration/articles/reportonthecomplexityandqualityofinternationalmigrationstatistics/july2018, MainPoints: None
16:50:52 - INFO: Bulletin: peoplepopulationandcommunity/populationandmigration/populationestimates/articles/populationstatisticsresearchupdate/june2018, MainPoints: None
16:50:52 - INFO: Bulletin: peoplepopulationandcommunity/populationandmigration/internationalmigration/articles/migrationstatisticstransformationupdate/2018-05-24, MainPoints: None
16:50:53 - INFO: Bulletin: peoplepopulationandcommunity/populationandmigration/internationalmigration/articles/comparingsourcesofinternationalmigrationstatistics/december2016, MainPoints: None
16:50:54 - INFO: Bulletin: peoplepopulationandcommunity/populationandmigration/internationalmigration/articles/responsetothemigrationadvisorycommitteesconsultationoninternationalstudents/2018-02-02, MainPoints: None
16:50:55 - INFO: Bulletin: peoplepopulationandcommunity/populationandmigration/populationprojections/articles/2016basedsubnationalpopulationprojectionsforenglandchangestomethodologyandsourcedata/2018-01-19, MainPoints: None
16:50:56 - INFO: Bulletin: peoplepopulationandcommunity/populationandmigration/internationalmigration/articles/migrationsincethebrexitvotewhatschangedinsixcharts/2017-11-30, MainPoints: None
16:50:56 - INFO: Bulletin: peoplepopulationandcommunity/populationandmigration/populationprojections/articles/nationalpopulationprojections/2016basedextravariants, MainPoints: None
16:50:57 - INFO: Bulletin: peoplepopulationandcommunity/populationandmigration/populationprojections/compendium/nationalpopulationprojections/2016basedprojections, MainPoints: None
16:50:57 - INFO: Bulletin: peoplepopulationandcommunity/populationandmigration/populationestimates/articles/populationestimatesbyethnicgrouppeegsexternalreview/2014-03-11, MainPoints: None
16:50:58 - INFO: Bulletin: peoplepopulationandcommunity/populationandmigration/internationalmigration/articles/migrationlevelswhatdoyouknowaboutyourarea/2017-08-24, MainPoints: None
16:50:58 - INFO: Bulletin: peoplepopulationandcommunity/populationandmigration/internationalmigration/articles/whatshappeningwithinternationalstudentmigration/2017-08-24, MainPoints: None
16:50:59 - INFO: Bulletin: peoplepopulationandcommunity/populationandmigration/internationalmigration/articles/internationalstudentmigrationresearchupdate/august2017, MainPoints: None
16:50:59 - INFO: Bulletin: peoplepopulationandcommunity/populationandmigration/internationalmigration/articles/migrationtheeuropeanunionandworkhowmuchdoyoureallyknow/2017-07-19, MainPoints: None
16:51:00 - INFO: Bulletin: peoplepopulationandcommunity/populationandmigration/internationalmigration/articles/noteonthedifferentdatasourcesthatmeasurefamilyimmigration/may2017, MainPoints: None
16:51:02 - INFO: Bulletin: peoplepopulationandcommunity/populationandmigration/internationalmigration/articles/internationalmigrationdataandanalysisimprovingtheevidence/february2017, MainPoints: None
16:51:04 - INFO: Bulletin: peoplepopulationandcommunity/populationandmigration/internationalmigration/articles/explore50yearsofinternationalmigrationtoandfromtheuk/2016-12-01, MainPoints: None
16:51:04 - INFO: Bulletin: peoplepopulationandcommunity/populationandmigration/internationalmigration/articles/noteonthedifferencesbetweenlongterminternationalmigrationflowsderivedfromtheinternationalpassengersurveyandestimatesofthepopulationobtainedfromtheannualpopulationsurvey/december2016, MainPoints: None
16:51:05 - INFO: Bulletin: peoplepopulationandcommunity/populationandmigration/internationalmigration/articles/updateoninternationalstudentmigrationstatistics/november2016, MainPoints: None
16:51:05 - INFO: Bulletin: peoplepopulationandcommunity/populationandmigration/populationestimates/articles/populationdynamicsofukcityregionssincemid2011/2016-10-11, MainPoints: None
16:51:06 - INFO: Bulletin: peoplepopulationandcommunity/populationandmigration/populationprojections/articles/subnationalpopulationprojectionsresearchreportonvariantprojections/2014basedprojections, MainPoints: None
16:51:07 - INFO: Bulletin: peoplepopulationandcommunity/populationandmigration/populationprojections/compendium/subnationalpopulationprojectionssupplementaryanalysis/2014basedprojections, MainPoints: None
16:51:08 - INFO: Bulletin: peoplepopulationandcommunity/populationandmigration/populationestimates/articles/ukperspectives2016internationalmigrationtoandfromtheuk/2016-05-26, MainPoints: None
16:51:09 - INFO: Bulletin: peoplepopulationandcommunity/populationandmigration/populationestimates/articles/ukperspectives2016thechangingukpopulation/2016-05-26, MainPoints: None
16:51:09 - INFO: Bulletin: peoplepopulationandcommunity/populationandmigration/populationestimates/articles/ukperspectives2016theukinaeuropeancontext/2016-05-26, MainPoints: None
16:51:11 - INFO: Bulletin: peoplepopulationandcommunity/populationandmigration/internationalmigration/articles/longterminternationalmigration/internationalstudentmigrationwhatdothestatisticstellus, MainPoints: None
16:51:11 - INFO: Bulletin: peoplepopulationandcommunity/populationandmigration/populationprojections/articles/howbigwilltheukpopulationbein25yearstime/2015-10-29, MainPoints: None
16:51:12 - INFO: Bulletin: peoplepopulationandcommunity/populationandmigration/migrationwithintheuk/articles/peopleonthemoveinenglandandwales/2015-10-08, MainPoints: None
16:51:12 - INFO: Bulletin: peoplepopulationandcommunity/populationandmigration/internationalmigration/articles/whataremigrationlevelslikeinyourarea/2015-08-28, MainPoints: None
16:51:13 - INFO: Bulletin: peoplepopulationandcommunity/populationandmigration/internationalmigration/articles/populationbycountryofbirthandnationalityreport/2015-09-27, MainPoints: None
16:51:14 - INFO: Bulletin: peoplepopulationandcommunity/populationandmigration/internationalmigration/articles/1in7peopleinenglandandwalesin2011werebornoutsideoftheuk/2015-07-30, MainPoints: None
16:51:14 - INFO: Bulletin: peoplepopulationandcommunity/populationandmigration/populationestimates/articles/increaseinsinglepopulationoverthelastdecade/2015-07-24, MainPoints: None
16:51:15 - INFO: Bulletin: peoplepopulationandcommunity/populationandmigration/populationestimates/articles/adecadeofpopulationchangeinenglandandwales/2015-06-25, MainPoints: None
16:51:15 - INFO: Bulletin: peoplepopulationandcommunity/populationandmigration/internationalmigration/articles/whovisitstheuktraveltrendsfrom20042014/2015-05-20, MainPoints: None
16:51:16 - INFO: Bulletin: peoplepopulationandcommunity/populationandmigration/internationalmigration/articles/housingandhomeownershipintheuk/2015-01-22, MainPoints: None
16:51:19 - INFO: Bulletin: peoplepopulationandcommunity/wellbeing/articles/mappinglonelinessduringthecoronaviruspandemic/2021-04-07, MainPoints: None
16:51:22 - INFO: Bulletin: peoplepopulationandcommunity/wellbeing/articles/childrenswellbeingindicatorreviewuk2020/2020-09-02, MainPoints: None
16:51:32 - INFO: Bulletin: peoplepopulationandcommunity/wellbeing/articles/measuresofnationalwellbeingdashboard/2018-04-25, MainPoints: None
16:51:33 - INFO: Bulletin: peoplepopulationandcommunity/wellbeing/articles/areyoungpeopledetachedfromtheirneighbourhoods/2019-07-24, MainPoints: None
16:51:36 - INFO: Bulletin: peoplepopulationandcommunity/wellbeing/compendium/nationalmeasurementofloneliness/2018, MainPoints: None
16:51:39 - INFO: Bulletin: peoplepopulationandcommunity/wellbeing/articles/humancapitalworkplan/2018, MainPoints: None
16:51:40 - INFO: Bulletin: peoplepopulationandcommunity/wellbeing/articles/britsspend29oftheirleisuretimealone/2018-06-22, MainPoints: None
16:51:44 - INFO: Bulletin: peoplepopulationandcommunity/wellbeing/articles/menenjoyfivehoursmoreleisuretimeperweekthanwomen/2018-01-09, MainPoints: None
16:51:47 - INFO: Bulletin: peoplepopulationandcommunity/wellbeing/articles/cessationofthesustainabledevelopmentindicators/2016-07-27, MainPoints: None
16:51:48 - INFO: Bulletin: peoplepopulationandcommunity/wellbeing/articles/howdoesgettingolderchangethewaywefeelaboutourlives/2016-02-03, MainPoints: None
16:51:49 - INFO: Bulletin: peoplepopulationandcommunity/wellbeing/articles/morechildrenusingsocialmediareportmentalillhealthsymptoms/2015-10-20, MainPoints: None
16:51:50 - INFO: Bulletin: peoplepopulationandcommunity/wellbeing/articles/sustainabledevelopmentindicators/2015-07-13, MainPoints: None
